2025-04-21 00:37:16.274 +01:00 [INF] User profile is available. Using 'C:\Users\ctrl-f2-dev-1\AppData\Local\ASP.NET\DataProtection-Keys' as key repository and Windows DPAPI to encrypt keys at rest.
2025-04-21 00:37:16.430 +01:00 [INF] Now listening on: https://localhost:7227
2025-04-21 00:37:16.434 +01:00 [INF] Now listening on: http://localhost:5216
2025-04-21 00:37:16.540 +01:00 [INF] Application started. Press Ctrl+C to shut down.
2025-04-21 00:37:16.544 +01:00 [INF] Hosting environment: Development
2025-04-21 00:37:16.545 +01:00 [INF] Content root path: C:\Users\ctrl-f2-dev-1\project\AnimeApp.API
2025-04-21 00:37:16.779 +01:00 [INF] Request starting HTTP/2 GET https://localhost:7227/swagger/index.html - null null
2025-04-21 00:37:16.986 +01:00 [INF] Request finished HTTP/2 GET https://localhost:7227/swagger/index.html - 200 null text/html;charset=utf-8 207.5754ms
2025-04-21 00:37:16.994 +01:00 [INF] Request starting HTTP/2 GET https://localhost:7227/_framework/aspnetcore-browser-refresh.js - null null
2025-04-21 00:37:16.994 +01:00 [INF] Request starting HTTP/2 GET https://localhost:7227/swagger/index.js - null null
2025-04-21 00:37:17.004 +01:00 [INF] Request starting HTTP/2 GET https://localhost:7227/_vs/browserLink - null null
2025-04-21 00:37:17.011 +01:00 [INF] Request finished HTTP/2 GET https://localhost:7227/swagger/index.js - 200 null application/javascript;charset=utf-8 17.5392ms
2025-04-21 00:37:17.015 +01:00 [INF] Request finished HTTP/2 GET https://localhost:7227/_framework/aspnetcore-browser-refresh.js - 200 13776 application/javascript; charset=utf-8 21.3452ms
2025-04-21 00:37:17.075 +01:00 [INF] Request finished HTTP/2 GET https://localhost:7227/_vs/browserLink - 200 null text/javascript; charset=UTF-8 71.4277ms
2025-04-21 00:37:17.149 +01:00 [INF] Request starting HTTP/2 GET https://localhost:7227/swagger/v1/swagger.json - null null
2025-04-21 00:37:17.171 +01:00 [INF] Request finished HTTP/2 GET https://localhost:7227/swagger/v1/swagger.json - 200 null application/json;charset=utf-8 22.2056ms
2025-04-21 00:37:27.673 +01:00 [INF] Request starting HTTP/2 GET https://localhost:7227/api/Post - null null
2025-04-21 00:37:27.802 +01:00 [INF] Executing endpoint 'AnimeApp.API.Controllers.PostController.GetAllPost (AnimeApp.API)'
2025-04-21 00:37:27.843 +01:00 [INF] Route matched with {action = "GetAllPost", controller = "Post"}. Executing controller action with signature System.Threading.Tasks.Task`1[Microsoft.AspNetCore.Mvc.IActionResult] GetAllPost() on controller AnimeApp.API.Controllers.PostController (AnimeApp.API).
2025-04-21 00:37:29.193 +01:00 [INF] Executed DbCommand (31ms) [Parameters=[], CommandType='"Text"', CommandTimeout='30']
SELECT p."Id", p."CreatedAt", p."MediaType", p."MediaUrl", p."Text", p."UpdatedAt", p."UserId"
FROM "Posts" AS p
2025-04-21 00:37:29.319 +01:00 [INF] Executing OkObjectResult, writing value of type 'System.Linq.Enumerable+SelectListIterator`2[[AnimeApp.Core.Models.Post, AnimeApp.Core, Version=1.0.0.0, Culture=neutral, PublicKeyToken=null],[AnimeApp.Core.Dtos.PostDto, AnimeApp.Core, Version=1.0.0.0, Culture=neutral, PublicKeyToken=null]]'.
2025-04-21 00:37:29.342 +01:00 [INF] Executed action AnimeApp.API.Controllers.PostController.GetAllPost (AnimeApp.API) in 1491.487ms
2025-04-21 00:37:29.347 +01:00 [INF] Executed endpoint 'AnimeApp.API.Controllers.PostController.GetAllPost (AnimeApp.API)'
2025-04-21 00:37:29.351 +01:00 [ERR] HTTP GET /api/Post responded 500 in 1648.9539 ms
System.NullReferenceException: Object reference not set to an instance of an object.
   at AnimeApp.Core.Services.PostService.<>c.<GetAllPostAsync>b__4_0(Post post) in C:\Users\ctrl-f2-dev-1\project\AnimeApp.Infrastructure\Services\PostService.cs:line 57
   at System.Linq.Enumerable.SelectListIterator`2.MoveNext()
   at System.Text.Json.Serialization.Converters.IEnumerableDefaultConverter`2.OnWriteResume(Utf8JsonWriter writer, TCollection value, JsonSerializerOptions options, WriteStack& state)
   at System.Text.Json.Serialization.JsonCollectionConverter`2.OnTryWrite(Utf8JsonWriter writer, TCollection value, JsonSerializerOptions options, WriteStack& state)
   at System.Text.Json.Serialization.JsonConverter`1.TryWrite(Utf8JsonWriter writer, T& value, JsonSerializerOptions options, WriteStack& state)
   at System.Text.Json.Serialization.JsonConverter`1.WriteCore(Utf8JsonWriter writer, T& value, JsonSerializerOptions options, WriteStack& state)
   at System.Text.Json.Serialization.Metadata.JsonTypeInfo`1.SerializeAsync(PipeWriter pipeWriter, T rootValue, Int32 flushThreshold, CancellationToken cancellationToken, Object rootValueBoxed)
   at System.Text.Json.Serialization.Metadata.JsonTypeInfo`1.SerializeAsync(PipeWriter pipeWriter, T rootValue, Int32 flushThreshold, CancellationToken cancellationToken, Object rootValueBoxed)
   at System.Text.Json.Serialization.Metadata.JsonTypeInfo`1.SerializeAsync(PipeWriter pipeWriter, T rootValue, Int32 flushThreshold, CancellationToken cancellationToken, Object rootValueBoxed)
   at Microsoft.AspNetCore.Mvc.Formatters.SystemTextJsonOutputFormatter.WriteResponseBodyAsync(OutputFormatterWriteContext context, Encoding selectedEncoding)
   at Microsoft.AspNetCore.Mvc.Infrastructure.ResourceInvoker.<InvokeNextResultFilterAsync>g__Awaited|30_0[TFilter,TFilterAsync](ResourceInvoker invoker, Task lastTask, State next, Scope scope, Object state, Boolean isCompleted)
   at Microsoft.AspNetCore.Mvc.Infrastructure.ResourceInvoker.Rethrow(ResultExecutedContextSealed context)
   at Microsoft.AspNetCore.Mvc.Infrastructure.ResourceInvoker.ResultNext[TFilter,TFilterAsync](State& next, Scope& scope, Object& state, Boolean& isCompleted)
   at Microsoft.AspNetCore.Mvc.Infrastructure.ResourceInvoker.InvokeResultFilters()
--- End of stack trace from previous location ---
   at Microsoft.AspNetCore.Mvc.Infrastructure.ResourceInvoker.<InvokeFilterPipelineAsync>g__Awaited|20_0(ResourceInvoker invoker, Task lastTask, State next, Scope scope, Object state, Boolean isCompleted)
   at Microsoft.AspNetCore.Mvc.Infrastructure.ResourceInvoker.<InvokeAsync>g__Logged|17_1(ResourceInvoker invoker)
   at Microsoft.AspNetCore.Mvc.Infrastructure.ResourceInvoker.<InvokeAsync>g__Logged|17_1(ResourceInvoker invoker)
   at Microsoft.AspNetCore.Routing.EndpointMiddleware.<Invoke>g__AwaitRequestTask|7_0(Endpoint endpoint, Task requestTask, ILogger logger)
   at Microsoft.AspNetCore.Authorization.AuthorizationMiddleware.Invoke(HttpContext context)
   at Microsoft.AspNetCore.Authentication.AuthenticationMiddleware.Invoke(HttpContext context)
   at Serilog.AspNetCore.RequestLoggingMiddleware.Invoke(HttpContext httpContext)
2025-04-21 00:37:29.394 +01:00 [ERR] An unhandled exception has occurred while executing the request.
System.NullReferenceException: Object reference not set to an instance of an object.
   at AnimeApp.Core.Services.PostService.<>c.<GetAllPostAsync>b__4_0(Post post) in C:\Users\ctrl-f2-dev-1\project\AnimeApp.Infrastructure\Services\PostService.cs:line 57
   at System.Linq.Enumerable.SelectListIterator`2.MoveNext()
   at System.Text.Json.Serialization.Converters.IEnumerableDefaultConverter`2.OnWriteResume(Utf8JsonWriter writer, TCollection value, JsonSerializerOptions options, WriteStack& state)
   at System.Text.Json.Serialization.JsonCollectionConverter`2.OnTryWrite(Utf8JsonWriter writer, TCollection value, JsonSerializerOptions options, WriteStack& state)
   at System.Text.Json.Serialization.JsonConverter`1.TryWrite(Utf8JsonWriter writer, T& value, JsonSerializerOptions options, WriteStack& state)
   at System.Text.Json.Serialization.JsonConverter`1.WriteCore(Utf8JsonWriter writer, T& value, JsonSerializerOptions options, WriteStack& state)
   at System.Text.Json.Serialization.Metadata.JsonTypeInfo`1.SerializeAsync(PipeWriter pipeWriter, T rootValue, Int32 flushThreshold, CancellationToken cancellationToken, Object rootValueBoxed)
   at System.Text.Json.Serialization.Metadata.JsonTypeInfo`1.SerializeAsync(PipeWriter pipeWriter, T rootValue, Int32 flushThreshold, CancellationToken cancellationToken, Object rootValueBoxed)
   at System.Text.Json.Serialization.Metadata.JsonTypeInfo`1.SerializeAsync(PipeWriter pipeWriter, T rootValue, Int32 flushThreshold, CancellationToken cancellationToken, Object rootValueBoxed)
   at Microsoft.AspNetCore.Mvc.Formatters.SystemTextJsonOutputFormatter.WriteResponseBodyAsync(OutputFormatterWriteContext context, Encoding selectedEncoding)
   at Microsoft.AspNetCore.Mvc.Infrastructure.ResourceInvoker.<InvokeNextResultFilterAsync>g__Awaited|30_0[TFilter,TFilterAsync](ResourceInvoker invoker, Task lastTask, State next, Scope scope, Object state, Boolean isCompleted)
   at Microsoft.AspNetCore.Mvc.Infrastructure.ResourceInvoker.Rethrow(ResultExecutedContextSealed context)
   at Microsoft.AspNetCore.Mvc.Infrastructure.ResourceInvoker.ResultNext[TFilter,TFilterAsync](State& next, Scope& scope, Object& state, Boolean& isCompleted)
   at Microsoft.AspNetCore.Mvc.Infrastructure.ResourceInvoker.InvokeResultFilters()
--- End of stack trace from previous location ---
   at Microsoft.AspNetCore.Mvc.Infrastructure.ResourceInvoker.<InvokeFilterPipelineAsync>g__Awaited|20_0(ResourceInvoker invoker, Task lastTask, State next, Scope scope, Object state, Boolean isCompleted)
   at Microsoft.AspNetCore.Mvc.Infrastructure.ResourceInvoker.<InvokeAsync>g__Logged|17_1(ResourceInvoker invoker)
   at Microsoft.AspNetCore.Mvc.Infrastructure.ResourceInvoker.<InvokeAsync>g__Logged|17_1(ResourceInvoker invoker)
   at Microsoft.AspNetCore.Routing.EndpointMiddleware.<Invoke>g__AwaitRequestTask|7_0(Endpoint endpoint, Task requestTask, ILogger logger)
   at Microsoft.AspNetCore.Authorization.AuthorizationMiddleware.Invoke(HttpContext context)
   at Microsoft.AspNetCore.Authentication.AuthenticationMiddleware.Invoke(HttpContext context)
   at Serilog.AspNetCore.RequestLoggingMiddleware.Invoke(HttpContext httpContext)
   at Swashbuckle.AspNetCore.SwaggerUI.SwaggerUIMiddleware.Invoke(HttpContext httpContext)
   at Swashbuckle.AspNetCore.Swagger.SwaggerMiddleware.Invoke(HttpContext httpContext, ISwaggerProvider swaggerProvider)
   at Microsoft.AspNetCore.Diagnostics.DeveloperExceptionPageMiddlewareImpl.Invoke(HttpContext context)
2025-04-21 00:37:29.415 +01:00 [INF] Request finished HTTP/2 GET https://localhost:7227/api/Post - 500 null text/plain; charset=utf-8 1742.8827ms
2025-04-21 12:13:46.536 +01:00 [INF] Application is shutting down...
2025-04-21 12:40:04.156 +01:00 [INF] User profile is available. Using 'C:\Users\ctrl-f2-dev-1\AppData\Local\ASP.NET\DataProtection-Keys' as key repository and Windows DPAPI to encrypt keys at rest.
2025-04-21 12:40:04.319 +01:00 [INF] Now listening on: https://localhost:7227
2025-04-21 12:40:04.322 +01:00 [INF] Now listening on: http://localhost:5216
2025-04-21 12:40:04.459 +01:00 [INF] Application started. Press Ctrl+C to shut down.
2025-04-21 12:40:04.463 +01:00 [INF] Hosting environment: Development
2025-04-21 12:40:04.465 +01:00 [INF] Content root path: C:\Users\ctrl-f2-dev-1\project\AnimeApp.API
2025-04-21 12:40:04.939 +01:00 [INF] Request starting HTTP/2 GET https://localhost:7227/swagger/index.html - null null
2025-04-21 12:40:05.117 +01:00 [INF] Request finished HTTP/2 GET https://localhost:7227/swagger/index.html - 200 null text/html;charset=utf-8 178.0846ms
2025-04-21 12:40:05.124 +01:00 [INF] Request starting HTTP/2 GET https://localhost:7227/swagger/index.js - null null
2025-04-21 12:40:05.124 +01:00 [INF] Request starting HTTP/2 GET https://localhost:7227/_framework/aspnetcore-browser-refresh.js - null null
2025-04-21 12:40:05.134 +01:00 [INF] Request starting HTTP/2 GET https://localhost:7227/_vs/browserLink - null null
2025-04-21 12:40:05.136 +01:00 [INF] Request finished HTTP/2 GET https://localhost:7227/swagger/index.js - 200 null application/javascript;charset=utf-8 11.6599ms
2025-04-21 12:40:05.151 +01:00 [INF] Request finished HTTP/2 GET https://localhost:7227/_framework/aspnetcore-browser-refresh.js - 200 13776 application/javascript; charset=utf-8 26.9566ms
2025-04-21 12:40:05.179 +01:00 [INF] Request finished HTTP/2 GET https://localhost:7227/_vs/browserLink - 200 null text/javascript; charset=UTF-8 44.6223ms
2025-04-21 12:40:05.264 +01:00 [INF] Request starting HTTP/2 GET https://localhost:7227/swagger/v1/swagger.json - null null
2025-04-21 12:40:05.285 +01:00 [INF] Request finished HTTP/2 GET https://localhost:7227/swagger/v1/swagger.json - 200 null application/json;charset=utf-8 21.1477ms
2025-04-21 12:40:11.658 +01:00 [INF] Request starting HTTP/2 GET https://localhost:7227/api/Post - null null
2025-04-21 12:40:11.706 +01:00 [INF] Executing endpoint 'AnimeApp.API.Controllers.PostController.GetAllPosts (AnimeApp.API)'
2025-04-21 12:40:11.735 +01:00 [INF] Route matched with {action = "GetAllPosts", controller = "Post"}. Executing controller action with signature System.Threading.Tasks.Task`1[Microsoft.AspNetCore.Mvc.IActionResult] GetAllPosts() on controller AnimeApp.API.Controllers.PostController (AnimeApp.API).
2025-04-21 12:40:13.383 +01:00 [INF] Executed DbCommand (83ms) [Parameters=[], CommandType='"Text"', CommandTimeout='30']
SELECT p."Id", p."CreatedAt", p."MediaType", p."MediaUrl", p."Text", p."UpdatedAt", p."UserId", a."Id", a."AccessFailedCount", a."ConcurrencyStamp", a."Email", a."EmailConfirmed", a."LockoutEnabled", a."LockoutEnd", a."NormalizedEmail", a."NormalizedUserName", a."PasswordHash", a."PhoneNumber", a."PhoneNumberConfirmed", a."SecurityStamp", a."TwoFactorEnabled", a."UserName"
FROM "Posts" AS p
INNER JOIN "AspNetUsers" AS a ON p."UserId" = a."Id"
ORDER BY (
    SELECT count(*)::int
    FROM "Likes" AS l
    WHERE p."Id" = l."PostId") DESC, p."CreatedAt" DESC
2025-04-21 12:40:13.598 +01:00 [INF] Executed DbCommand (10ms) [Parameters=[@__post_Id_0='?'], CommandType='"Text"', CommandTimeout='30']
SELECT count(*)::int
FROM "Likes" AS l
WHERE l."PostId" = @__post_Id_0
2025-04-21 12:40:13.605 +01:00 [INF] Retrieved 1 posts sorted by likes.
2025-04-21 12:40:13.615 +01:00 [INF] Executing OkObjectResult, writing value of type 'System.Collections.Generic.List`1[[AnimeApp.Core.Dtos.PostDto, AnimeApp.Core, Version=1.0.0.0, Culture=neutral, PublicKeyToken=null]]'.
2025-04-21 12:40:13.634 +01:00 [INF] Executed action AnimeApp.API.Controllers.PostController.GetAllPosts (AnimeApp.API) in 1889.7559ms
2025-04-21 12:40:13.638 +01:00 [INF] Executed endpoint 'AnimeApp.API.Controllers.PostController.GetAllPosts (AnimeApp.API)'
2025-04-21 12:40:13.642 +01:00 [INF] HTTP GET /api/Post responded 200 in 1968.4263 ms
2025-04-21 12:40:13.653 +01:00 [INF] Request finished HTTP/2 GET https://localhost:7227/api/Post - 200 null application/json; charset=utf-8 1995.0182ms
2025-04-21 12:40:58.057 +01:00 [INF] User profile is available. Using 'C:\Users\ctrl-f2-dev-1\AppData\Local\ASP.NET\DataProtection-Keys' as key repository and Windows DPAPI to encrypt keys at rest.
2025-04-21 12:40:58.261 +01:00 [INF] Now listening on: https://localhost:7227
2025-04-21 12:40:58.265 +01:00 [INF] Now listening on: http://localhost:5216
2025-04-21 12:40:58.508 +01:00 [INF] Application started. Press Ctrl+C to shut down.
2025-04-21 12:40:58.511 +01:00 [INF] Hosting environment: Development
2025-04-21 12:40:58.514 +01:00 [INF] Content root path: C:\Users\ctrl-f2-dev-1\project\AnimeApp.API
2025-04-21 12:40:58.594 +01:00 [INF] Request starting HTTP/2 GET https://localhost:7227/swagger/index.html - null null
2025-04-21 12:40:58.767 +01:00 [INF] Request finished HTTP/2 GET https://localhost:7227/swagger/index.html - 200 null text/html;charset=utf-8 174.1211ms
2025-04-21 12:40:58.775 +01:00 [INF] Request starting HTTP/2 GET https://localhost:7227/_framework/aspnetcore-browser-refresh.js - null null
2025-04-21 12:40:58.775 +01:00 [INF] Request starting HTTP/2 GET https://localhost:7227/swagger/index.js - null null
2025-04-21 12:40:58.775 +01:00 [INF] Request starting HTTP/2 GET https://localhost:7227/_vs/browserLink - null null
2025-04-21 12:40:58.788 +01:00 [INF] Request finished HTTP/2 GET https://localhost:7227/swagger/index.js - 200 null application/javascript;charset=utf-8 12.4437ms
2025-04-21 12:40:58.790 +01:00 [INF] Request finished HTTP/2 GET https://localhost:7227/_framework/aspnetcore-browser-refresh.js - 200 13776 application/javascript; charset=utf-8 15.1732ms
2025-04-21 12:40:58.820 +01:00 [INF] Request finished HTTP/2 GET https://localhost:7227/_vs/browserLink - 200 null text/javascript; charset=UTF-8 44.5841ms
2025-04-21 12:40:58.875 +01:00 [INF] Request starting HTTP/2 GET https://localhost:7227/swagger/v1/swagger.json - null null
2025-04-21 12:40:58.894 +01:00 [INF] Request finished HTTP/2 GET https://localhost:7227/swagger/v1/swagger.json - 200 null application/json;charset=utf-8 18.8932ms
2025-04-21 12:41:08.647 +01:00 [INF] User profile is available. Using 'C:\Users\ctrl-f2-dev-1\AppData\Local\ASP.NET\DataProtection-Keys' as key repository and Windows DPAPI to encrypt keys at rest.
2025-04-21 12:41:08.804 +01:00 [INF] Now listening on: https://localhost:7227
2025-04-21 12:41:08.807 +01:00 [INF] Now listening on: http://localhost:5216
2025-04-21 12:41:08.904 +01:00 [INF] Application started. Press Ctrl+C to shut down.
2025-04-21 12:41:08.907 +01:00 [INF] Hosting environment: Development
2025-04-21 12:41:08.908 +01:00 [INF] Content root path: C:\Users\ctrl-f2-dev-1\project\AnimeApp.API
2025-04-21 12:41:09.296 +01:00 [INF] Request starting HTTP/2 GET https://localhost:7227/swagger/index.html - null null
2025-04-21 12:41:09.449 +01:00 [INF] Request finished HTTP/2 GET https://localhost:7227/swagger/index.html - 200 null text/html;charset=utf-8 154.3637ms
2025-04-21 12:41:09.453 +01:00 [INF] Request starting HTTP/2 GET https://localhost:7227/swagger/index.js - null null
2025-04-21 12:41:09.453 +01:00 [INF] Request starting HTTP/2 GET https://localhost:7227/_framework/aspnetcore-browser-refresh.js - null null
2025-04-21 12:41:09.453 +01:00 [INF] Request starting HTTP/2 GET https://localhost:7227/_vs/browserLink - null null
2025-04-21 12:41:09.466 +01:00 [INF] Request finished HTTP/2 GET https://localhost:7227/swagger/index.js - 200 null application/javascript;charset=utf-8 12.5223ms
2025-04-21 12:41:09.476 +01:00 [INF] Request finished HTTP/2 GET https://localhost:7227/_framework/aspnetcore-browser-refresh.js - 200 13776 application/javascript; charset=utf-8 22.6916ms
2025-04-21 12:41:09.506 +01:00 [INF] Request finished HTTP/2 GET https://localhost:7227/_vs/browserLink - 200 null text/javascript; charset=UTF-8 52.8298ms
2025-04-21 12:41:09.545 +01:00 [INF] Request starting HTTP/2 GET https://localhost:7227/swagger/v1/swagger.json - null null
2025-04-21 12:41:09.565 +01:00 [INF] Request finished HTTP/2 GET https://localhost:7227/swagger/v1/swagger.json - 200 null application/json;charset=utf-8 20.0348ms
2025-04-21 12:41:23.732 +01:00 [INF] User profile is available. Using 'C:\Users\ctrl-f2-dev-1\AppData\Local\ASP.NET\DataProtection-Keys' as key repository and Windows DPAPI to encrypt keys at rest.
2025-04-21 12:41:23.887 +01:00 [INF] Now listening on: https://localhost:7227
2025-04-21 12:41:23.890 +01:00 [INF] Now listening on: http://localhost:5216
2025-04-21 12:41:23.978 +01:00 [INF] Request starting HTTP/2 GET https://localhost:7227/swagger/index.html - null null
2025-04-21 12:41:24.005 +01:00 [INF] Application started. Press Ctrl+C to shut down.
2025-04-21 12:41:24.009 +01:00 [INF] Hosting environment: Development
2025-04-21 12:41:24.010 +01:00 [INF] Content root path: C:\Users\ctrl-f2-dev-1\project\AnimeApp.API
2025-04-21 12:41:24.134 +01:00 [INF] Request finished HTTP/2 GET https://localhost:7227/swagger/index.html - 200 null text/html;charset=utf-8 156.9463ms
2025-04-21 12:41:24.139 +01:00 [INF] Request starting HTTP/2 GET https://localhost:7227/swagger/index.js - null null
2025-04-21 12:41:24.139 +01:00 [INF] Request starting HTTP/2 GET https://localhost:7227/_vs/browserLink - null null
2025-04-21 12:41:24.139 +01:00 [INF] Request starting HTTP/2 GET https://localhost:7227/_framework/aspnetcore-browser-refresh.js - null null
2025-04-21 12:41:24.150 +01:00 [INF] Request finished HTTP/2 GET https://localhost:7227/swagger/index.js - 200 null application/javascript;charset=utf-8 10.5631ms
2025-04-21 12:41:24.167 +01:00 [INF] Request finished HTTP/2 GET https://localhost:7227/_framework/aspnetcore-browser-refresh.js - 200 13776 application/javascript; charset=utf-8 28.5255ms
2025-04-21 12:41:24.184 +01:00 [INF] Request finished HTTP/2 GET https://localhost:7227/_vs/browserLink - 200 null text/javascript; charset=UTF-8 45.0436ms
2025-04-21 12:41:24.216 +01:00 [INF] Request starting HTTP/2 GET https://localhost:7227/swagger/v1/swagger.json - null null
2025-04-21 12:41:24.235 +01:00 [INF] Request finished HTTP/2 GET https://localhost:7227/swagger/v1/swagger.json - 200 null application/json;charset=utf-8 18.9132ms
2025-04-21 12:41:30.022 +01:00 [INF] Application is shutting down...
