2025-04-18 19:31:31.869 +01:00 [INF] User profile is available. Using 'C:\Users\ctrl-f2-dev-1\AppData\Local\ASP.NET\DataProtection-Keys' as key repository and Windows DPAPI to encrypt keys at rest.
2025-04-18 19:31:32.005 +01:00 [INF] Now listening on: https://localhost:7227
2025-04-18 19:31:32.007 +01:00 [INF] Now listening on: http://localhost:5216
2025-04-18 19:31:32.040 +01:00 [INF] Application started. Press Ctrl+C to shut down.
2025-04-18 19:31:32.042 +01:00 [INF] Hosting environment: Development
2025-04-18 19:31:32.043 +01:00 [INF] Content root path: C:\Users\ctrl-f2-dev-1\project\AnimeApp.API
2025-04-18 19:31:32.260 +01:00 [INF] Request starting HTTP/2 GET https://localhost:7227/swagger - null null
2025-04-18 19:31:32.343 +01:00 [INF] Request finished HTTP/2 GET https://localhost:7227/swagger - 301 0 null 84.1974ms
2025-04-18 19:31:32.348 +01:00 [INF] Request starting HTTP/2 GET https://localhost:7227/swagger/index.html - null null
2025-04-18 19:31:32.399 +01:00 [INF] Request finished HTTP/2 GET https://localhost:7227/swagger/index.html - 200 null text/html;charset=utf-8 51.5338ms
2025-04-18 19:31:32.405 +01:00 [INF] Request starting HTTP/2 GET https://localhost:7227/_framework/aspnetcore-browser-refresh.js - null null
2025-04-18 19:31:32.405 +01:00 [INF] Request starting HTTP/2 GET https://localhost:7227/swagger/index.js - null null
2025-04-18 19:31:32.412 +01:00 [INF] Request finished HTTP/2 GET https://localhost:7227/swagger/index.js - 200 null application/javascript;charset=utf-8 6.8557ms
2025-04-18 19:31:32.413 +01:00 [INF] Request starting HTTP/2 GET https://localhost:7227/_vs/browserLink - null null
2025-04-18 19:31:32.416 +01:00 [INF] Request finished HTTP/2 GET https://localhost:7227/_framework/aspnetcore-browser-refresh.js - 200 13776 application/javascript; charset=utf-8 11.282ms
2025-04-18 19:31:32.453 +01:00 [INF] Request finished HTTP/2 GET https://localhost:7227/_vs/browserLink - 200 null text/javascript; charset=UTF-8 39.3215ms
2025-04-18 19:31:32.587 +01:00 [INF] Request starting HTTP/2 GET https://localhost:7227/swagger/v1/swagger.json - null null
2025-04-18 19:31:32.598 +01:00 [INF] Request finished HTTP/2 GET https://localhost:7227/swagger/v1/swagger.json - 200 null application/json;charset=utf-8 11.1483ms
2025-04-18 19:34:15.622 +01:00 [INF] Request starting HTTP/2 POST https://localhost:7227/api/Auth/register - application/json 78
2025-04-18 19:34:15.629 +01:00 [INF] CORS policy execution successful.
2025-04-18 19:34:15.653 +01:00 [INF] Executing endpoint 'AnimeApp.API.Controllers.AuthController.Register (AnimeApp.API)'
2025-04-18 19:34:15.672 +01:00 [INF] Route matched with {action = "Register", controller = "Auth"}. Executing controller action with signature System.Threading.Tasks.Task`1[Microsoft.AspNetCore.Mvc.IActionResult] Register(AnimeApp.Core.Models.RegisterModel) on controller AnimeApp.API.Controllers.AuthController (AnimeApp.API).
2025-04-18 19:34:16.028 +01:00 [INF] Register called: Email=mublin99@gmail.com, Username=testuser
2025-04-18 19:34:16.876 +01:00 [INF] Executed DbCommand (40ms) [Parameters=[@__normalizedUserName_0='?'], CommandType='"Text"', CommandTimeout='30']
SELECT a."Id", a."AccessFailedCount", a."ConcurrencyStamp", a."Email", a."EmailConfirmed", a."LockoutEnabled", a."LockoutEnd", a."NormalizedEmail", a."NormalizedUserName", a."PasswordHash", a."PhoneNumber", a."PhoneNumberConfirmed", a."SecurityStamp", a."TwoFactorEnabled", a."UserName"
FROM "AspNetUsers" AS a
WHERE a."NormalizedUserName" = @__normalizedUserName_0
LIMIT 1
2025-04-18 19:34:17.010 +01:00 [INF] Executed DbCommand (8ms) [Parameters=[@p0='?', @p1='?' (DbType = Int32), @p2='?', @p3='?', @p4='?' (DbType = Boolean), @p5='?' (DbType = Boolean), @p6='?' (DbType = DateTime), @p7='?', @p8='?', @p9='?', @p10='?', @p11='?' (DbType = Boolean), @p12='?', @p13='?' (DbType = Boolean), @p14='?'], CommandType='"Text"', CommandTimeout='30']
INSERT INTO "AspNetUsers" ("Id", "AccessFailedCount", "ConcurrencyStamp", "Email", "EmailConfirmed", "LockoutEnabled", "LockoutEnd", "NormalizedEmail", "NormalizedUserName", "PasswordHash", "PhoneNumber", "PhoneNumberConfirmed", "SecurityStamp", "TwoFactorEnabled", "UserName")
VALUES (@p0, @p1, @p2, @p3, @p4, @p5, @p6, @p7, @p8, @p9, @p10, @p11, @p12, @p13, @p14);
2025-04-18 19:34:17.028 +01:00 [INF] Executed DbCommand (3ms) [Parameters=[@__normalizedRoleName_0='?'], CommandType='"Text"', CommandTimeout='30']
SELECT a."Id", a."ConcurrencyStamp", a."Name", a."NormalizedName"
FROM "AspNetRoles" AS a
WHERE a."NormalizedName" = @__normalizedRoleName_0
LIMIT 2
2025-04-18 19:34:17.063 +01:00 [INF] Executed DbCommand (3ms) [Parameters=[@__p_0='?', @__p_1='?'], CommandType='"Text"', CommandTimeout='30']
SELECT a."UserId", a."RoleId"
FROM "AspNetUserRoles" AS a
WHERE a."UserId" = @__p_0 AND a."RoleId" = @__p_1
LIMIT 1
2025-04-18 19:34:17.071 +01:00 [INF] Executed DbCommand (1ms) [Parameters=[@__normalizedRoleName_0='?'], CommandType='"Text"', CommandTimeout='30']
SELECT a."Id", a."ConcurrencyStamp", a."Name", a."NormalizedName"
FROM "AspNetRoles" AS a
WHERE a."NormalizedName" = @__normalizedRoleName_0
LIMIT 2
2025-04-18 19:34:17.079 +01:00 [INF] Executed DbCommand (0ms) [Parameters=[@__normalizedUserName_0='?'], CommandType='"Text"', CommandTimeout='30']
SELECT a."Id", a."AccessFailedCount", a."ConcurrencyStamp", a."Email", a."EmailConfirmed", a."LockoutEnabled", a."LockoutEnd", a."NormalizedEmail", a."NormalizedUserName", a."PasswordHash", a."PhoneNumber", a."PhoneNumberConfirmed", a."SecurityStamp", a."TwoFactorEnabled", a."UserName"
FROM "AspNetUsers" AS a
WHERE a."NormalizedUserName" = @__normalizedUserName_0
LIMIT 1
2025-04-18 19:34:17.106 +01:00 [INF] Executed DbCommand (7ms) [Parameters=[@p0='?', @p1='?', @p16='?', @p2='?' (DbType = Int32), @p3='?', @p17='?', @p4='?', @p5='?' (DbType = Boolean), @p6='?' (DbType = Boolean), @p7='?' (DbType = DateTime), @p8='?', @p9='?', @p10='?', @p11='?', @p12='?' (DbType = Boolean), @p13='?', @p14='?' (DbType = Boolean), @p15='?'], CommandType='"Text"', CommandTimeout='30']
INSERT INTO "AspNetUserRoles" ("RoleId", "UserId")
VALUES (@p0, @p1);
UPDATE "AspNetUsers" SET "AccessFailedCount" = @p2, "ConcurrencyStamp" = @p3, "Email" = @p4, "EmailConfirmed" = @p5, "LockoutEnabled" = @p6, "LockoutEnd" = @p7, "NormalizedEmail" = @p8, "NormalizedUserName" = @p9, "PasswordHash" = @p10, "PhoneNumber" = @p11, "PhoneNumberConfirmed" = @p12, "SecurityStamp" = @p13, "TwoFactorEnabled" = @p14, "UserName" = @p15
WHERE "Id" = @p16 AND "ConcurrencyStamp" = @p17;
2025-04-18 19:34:18.668 +01:00 [INF] Executed action AnimeApp.API.Controllers.AuthController.Register (AnimeApp.API) in 2990.0712ms
2025-04-18 19:34:18.671 +01:00 [INF] Executed endpoint 'AnimeApp.API.Controllers.AuthController.Register (AnimeApp.API)'
2025-04-18 19:34:18.673 +01:00 [ERR] An unhandled exception has occurred while executing the request.
System.Exception: Failed to send email: Forbidden
   at AnimeApp.Infrastructure.Services.EmailSender.SendEmailAsync(String email, String subject, String htmlMessage) in C:\Users\ctrl-f2-dev-1\project\AnimeApp.Infrastructure\Services\EmailSender.cs:line 28
   at AnimeApp.API.Controllers.AuthController.Register(RegisterModel model) in C:\Users\ctrl-f2-dev-1\project\AnimeApp.API\Controllers\AuthController.cs:line 62
   at Microsoft.AspNetCore.Mvc.Infrastructure.ActionMethodExecutor.TaskOfIActionResultExecutor.Execute(ActionContext actionContext, IActionResultTypeMapper mapper, ObjectMethodExecutor executor, Object controller, Object[] arguments)
   at Microsoft.AspNetCore.Mvc.Infrastructure.ControllerActionInvoker.<InvokeActionMethodAsync>g__Awaited|12_0(ControllerActionInvoker invoker, ValueTask`1 actionResultValueTask)
   at Microsoft.AspNetCore.Mvc.Infrastructure.ControllerActionInvoker.<InvokeNextActionFilterAsync>g__Awaited|10_0(ControllerActionInvoker invoker, Task lastTask, State next, Scope scope, Object state, Boolean isCompleted)
   at Microsoft.AspNetCore.Mvc.Infrastructure.ControllerActionInvoker.Rethrow(ActionExecutedContextSealed context)
   at Microsoft.AspNetCore.Mvc.Infrastructure.ControllerActionInvoker.Next(State& next, Scope& scope, Object& state, Boolean& isCompleted)
   at Microsoft.AspNetCore.Mvc.Infrastructure.ControllerActionInvoker.<InvokeInnerFilterAsync>g__Awaited|13_0(ControllerActionInvoker invoker, Task lastTask, State next, Scope scope, Object state, Boolean isCompleted)
   at Microsoft.AspNetCore.Mvc.Infrastructure.ResourceInvoker.<InvokeFilterPipelineAsync>g__Awaited|20_0(ResourceInvoker invoker, Task lastTask, State next, Scope scope, Object state, Boolean isCompleted)
   at Microsoft.AspNetCore.Mvc.Infrastructure.ResourceInvoker.<InvokeAsync>g__Logged|17_1(ResourceInvoker invoker)
   at Microsoft.AspNetCore.Mvc.Infrastructure.ResourceInvoker.<InvokeAsync>g__Logged|17_1(ResourceInvoker invoker)
   at Microsoft.AspNetCore.Routing.EndpointMiddleware.<Invoke>g__AwaitRequestTask|7_0(Endpoint endpoint, Task requestTask, ILogger logger)
   at Microsoft.AspNetCore.Authorization.AuthorizationMiddleware.Invoke(HttpContext context)
   at Microsoft.AspNetCore.Authentication.AuthenticationMiddleware.Invoke(HttpContext context)
   at Swashbuckle.AspNetCore.SwaggerUI.SwaggerUIMiddleware.Invoke(HttpContext httpContext)
   at Swashbuckle.AspNetCore.Swagger.SwaggerMiddleware.Invoke(HttpContext httpContext, ISwaggerProvider swaggerProvider)
   at Microsoft.AspNetCore.Diagnostics.DeveloperExceptionPageMiddlewareImpl.Invoke(HttpContext context)
2025-04-18 19:34:18.708 +01:00 [INF] Request finished HTTP/2 POST https://localhost:7227/api/Auth/register - 500 null text/plain; charset=utf-8 3085.7239ms
2025-04-18 20:12:19.332 +01:00 [INF] Application is shutting down...
2025-04-18 20:12:25.353 +01:00 [INF] User profile is available. Using 'C:\Users\ctrl-f2-dev-1\AppData\Local\ASP.NET\DataProtection-Keys' as key repository and Windows DPAPI to encrypt keys at rest.
2025-04-18 20:12:25.450 +01:00 [INF] Now listening on: https://localhost:7227
2025-04-18 20:12:25.453 +01:00 [INF] Now listening on: http://localhost:5216
2025-04-18 20:12:25.482 +01:00 [INF] Application started. Press Ctrl+C to shut down.
2025-04-18 20:12:25.485 +01:00 [INF] Hosting environment: Development
2025-04-18 20:12:25.486 +01:00 [INF] Content root path: C:\Users\ctrl-f2-dev-1\project\AnimeApp.API
2025-04-18 20:12:25.564 +01:00 [INF] Request starting HTTP/2 GET https://localhost:7227/swagger/index.html - null null
2025-04-18 20:12:25.663 +01:00 [INF] Request finished HTTP/2 GET https://localhost:7227/swagger/index.html - 200 null text/html;charset=utf-8 99.7802ms
2025-04-18 20:12:25.671 +01:00 [INF] Request starting HTTP/2 GET https://localhost:7227/swagger/index.js - null null
2025-04-18 20:12:25.671 +01:00 [INF] Request starting HTTP/2 GET https://localhost:7227/_framework/aspnetcore-browser-refresh.js - null null
2025-04-18 20:12:25.674 +01:00 [INF] Request starting HTTP/2 GET https://localhost:7227/_vs/browserLink - null null
2025-04-18 20:12:25.675 +01:00 [INF] Request finished HTTP/2 GET https://localhost:7227/swagger/index.js - 200 null application/javascript;charset=utf-8 4.5538ms
2025-04-18 20:12:25.681 +01:00 [INF] Request finished HTTP/2 GET https://localhost:7227/_framework/aspnetcore-browser-refresh.js - 200 13776 application/javascript; charset=utf-8 10.3687ms
2025-04-18 20:12:25.697 +01:00 [INF] Request finished HTTP/2 GET https://localhost:7227/_vs/browserLink - 200 null text/javascript; charset=UTF-8 22.3526ms
2025-04-18 20:12:25.828 +01:00 [INF] Request starting HTTP/2 GET https://localhost:7227/swagger/v1/swagger.json - null null
2025-04-18 20:12:25.840 +01:00 [INF] Request finished HTTP/2 GET https://localhost:7227/swagger/v1/swagger.json - 200 null application/json;charset=utf-8 11.6038ms
2025-04-18 20:12:58.478 +01:00 [INF] Request starting HTTP/2 POST https://localhost:7227/api/Auth/register - application/json 88
2025-04-18 20:12:58.485 +01:00 [INF] CORS policy execution successful.
2025-04-18 20:12:58.502 +01:00 [INF] Executing endpoint 'AnimeApp.API.Controllers.AuthController.Register (AnimeApp.API)'
2025-04-18 20:12:58.516 +01:00 [INF] Route matched with {action = "Register", controller = "Auth"}. Executing controller action with signature System.Threading.Tasks.Task`1[Microsoft.AspNetCore.Mvc.IActionResult] Register(AnimeApp.Core.Models.RegisterModel) on controller AnimeApp.API.Controllers.AuthController (AnimeApp.API).
2025-04-18 20:12:58.598 +01:00 [INF] Register called: Email=mublin99@gmail.com, Username=string
2025-04-18 20:12:59.349 +01:00 [INF] Executed DbCommand (32ms) [Parameters=[@__normalizedUserName_0='?'], CommandType='"Text"', CommandTimeout='30']
SELECT a."Id", a."AccessFailedCount", a."ConcurrencyStamp", a."Email", a."EmailConfirmed", a."LockoutEnabled", a."LockoutEnd", a."NormalizedEmail", a."NormalizedUserName", a."PasswordHash", a."PhoneNumber", a."PhoneNumberConfirmed", a."SecurityStamp", a."TwoFactorEnabled", a."UserName"
FROM "AspNetUsers" AS a
WHERE a."NormalizedUserName" = @__normalizedUserName_0
LIMIT 1
2025-04-18 20:12:59.419 +01:00 [INF] Executing BadRequestObjectResult, writing value of type '<>f__AnonymousType3`2[[System.String, System.Private.CoreLib, Version=8.0.0.0, Culture=neutral, PublicKeyToken=7cec85d7bea7798e],[System.Collections.Generic.IEnumerable`1[[Microsoft.AspNetCore.Identity.IdentityError, Microsoft.Extensions.Identity.Core, Version=8.0.0.0, Culture=neutral, PublicKeyToken=adb9793829ddae60]], System.Private.CoreLib, Version=8.0.0.0, Culture=neutral, PublicKeyToken=7cec85d7bea7798e]]'.
2025-04-18 20:12:59.425 +01:00 [INF] Executed action AnimeApp.API.Controllers.AuthController.Register (AnimeApp.API) in 905.3715ms
2025-04-18 20:12:59.426 +01:00 [INF] Executed endpoint 'AnimeApp.API.Controllers.AuthController.Register (AnimeApp.API)'
2025-04-18 20:12:59.432 +01:00 [INF] Request finished HTTP/2 POST https://localhost:7227/api/Auth/register - 400 null application/json; charset=utf-8 953.9485ms
2025-04-18 20:13:14.854 +01:00 [INF] Request starting HTTP/2 POST https://localhost:7227/api/Auth/register - application/json 89
2025-04-18 20:13:14.860 +01:00 [INF] CORS policy execution successful.
2025-04-18 20:13:14.862 +01:00 [INF] Executing endpoint 'AnimeApp.API.Controllers.AuthController.Register (AnimeApp.API)'
2025-04-18 20:13:14.863 +01:00 [INF] Route matched with {action = "Register", controller = "Auth"}. Executing controller action with signature System.Threading.Tasks.Task`1[Microsoft.AspNetCore.Mvc.IActionResult] Register(AnimeApp.Core.Models.RegisterModel) on controller AnimeApp.API.Controllers.AuthController (AnimeApp.API).
2025-04-18 20:13:14.867 +01:00 [INF] Register called: Email=mubleen99@gmail.com, Username=string
2025-04-18 20:13:14.967 +01:00 [INF] Executed DbCommand (2ms) [Parameters=[@__normalizedUserName_0='?'], CommandType='"Text"', CommandTimeout='30']
SELECT a."Id", a."AccessFailedCount", a."ConcurrencyStamp", a."Email", a."EmailConfirmed", a."LockoutEnabled", a."LockoutEnd", a."NormalizedEmail", a."NormalizedUserName", a."PasswordHash", a."PhoneNumber", a."PhoneNumberConfirmed", a."SecurityStamp", a."TwoFactorEnabled", a."UserName"
FROM "AspNetUsers" AS a
WHERE a."NormalizedUserName" = @__normalizedUserName_0
LIMIT 1
2025-04-18 20:13:15.031 +01:00 [INF] Executed DbCommand (4ms) [Parameters=[@p0='?', @p1='?' (DbType = Int32), @p2='?', @p3='?', @p4='?' (DbType = Boolean), @p5='?' (DbType = Boolean), @p6='?' (DbType = DateTime), @p7='?', @p8='?', @p9='?', @p10='?', @p11='?' (DbType = Boolean), @p12='?', @p13='?' (DbType = Boolean), @p14='?'], CommandType='"Text"', CommandTimeout='30']
INSERT INTO "AspNetUsers" ("Id", "AccessFailedCount", "ConcurrencyStamp", "Email", "EmailConfirmed", "LockoutEnabled", "LockoutEnd", "NormalizedEmail", "NormalizedUserName", "PasswordHash", "PhoneNumber", "PhoneNumberConfirmed", "SecurityStamp", "TwoFactorEnabled", "UserName")
VALUES (@p0, @p1, @p2, @p3, @p4, @p5, @p6, @p7, @p8, @p9, @p10, @p11, @p12, @p13, @p14);
2025-04-18 20:13:15.048 +01:00 [INF] Executed DbCommand (2ms) [Parameters=[@__normalizedRoleName_0='?'], CommandType='"Text"', CommandTimeout='30']
SELECT a."Id", a."ConcurrencyStamp", a."Name", a."NormalizedName"
FROM "AspNetRoles" AS a
WHERE a."NormalizedName" = @__normalizedRoleName_0
LIMIT 2
2025-04-18 20:13:15.072 +01:00 [INF] Executed DbCommand (2ms) [Parameters=[@__p_0='?', @__p_1='?'], CommandType='"Text"', CommandTimeout='30']
SELECT a."UserId", a."RoleId"
FROM "AspNetUserRoles" AS a
WHERE a."UserId" = @__p_0 AND a."RoleId" = @__p_1
LIMIT 1
2025-04-18 20:13:15.077 +01:00 [INF] Executed DbCommand (0ms) [Parameters=[@__normalizedRoleName_0='?'], CommandType='"Text"', CommandTimeout='30']
SELECT a."Id", a."ConcurrencyStamp", a."Name", a."NormalizedName"
FROM "AspNetRoles" AS a
WHERE a."NormalizedName" = @__normalizedRoleName_0
LIMIT 2
2025-04-18 20:13:15.086 +01:00 [INF] Executed DbCommand (0ms) [Parameters=[@__normalizedUserName_0='?'], CommandType='"Text"', CommandTimeout='30']
SELECT a."Id", a."AccessFailedCount", a."ConcurrencyStamp", a."Email", a."EmailConfirmed", a."LockoutEnabled", a."LockoutEnd", a."NormalizedEmail", a."NormalizedUserName", a."PasswordHash", a."PhoneNumber", a."PhoneNumberConfirmed", a."SecurityStamp", a."TwoFactorEnabled", a."UserName"
FROM "AspNetUsers" AS a
WHERE a."NormalizedUserName" = @__normalizedUserName_0
LIMIT 1
2025-04-18 20:13:15.106 +01:00 [INF] Executed DbCommand (1ms) [Parameters=[@p0='?', @p1='?', @p16='?', @p2='?' (DbType = Int32), @p3='?', @p17='?', @p4='?', @p5='?' (DbType = Boolean), @p6='?' (DbType = Boolean), @p7='?' (DbType = DateTime), @p8='?', @p9='?', @p10='?', @p11='?', @p12='?' (DbType = Boolean), @p13='?', @p14='?' (DbType = Boolean), @p15='?'], CommandType='"Text"', CommandTimeout='30']
INSERT INTO "AspNetUserRoles" ("RoleId", "UserId")
VALUES (@p0, @p1);
UPDATE "AspNetUsers" SET "AccessFailedCount" = @p2, "ConcurrencyStamp" = @p3, "Email" = @p4, "EmailConfirmed" = @p5, "LockoutEnabled" = @p6, "LockoutEnd" = @p7, "NormalizedEmail" = @p8, "NormalizedUserName" = @p9, "PasswordHash" = @p10, "PhoneNumber" = @p11, "PhoneNumberConfirmed" = @p12, "SecurityStamp" = @p13, "TwoFactorEnabled" = @p14, "UserName" = @p15
WHERE "Id" = @p16 AND "ConcurrencyStamp" = @p17;
2025-04-18 20:13:16.613 +01:00 [INF] Executed DbCommand (38ms) [Parameters=[@p0='?', @p1='?', @p2='?' (DbType = DateTime), @p3='?' (DbType = Object), @p4='?', @p5='?' (DbType = DateTime), @p6='?', @p7='?'], CommandType='"Text"', CommandTimeout='30']
INSERT INTO "UserProfiles" ("Id", "Bio", "CreatedAt", "Links", "ProfilePhotoUrl", "UpdatedAt", "UserId", "Username")
VALUES (@p0, @p1, @p2, @p3, @p4, @p5, @p6, @p7);
2025-04-18 20:13:16.617 +01:00 [INF] User registered successfully: mubleen99@gmail.com
2025-04-18 20:13:16.618 +01:00 [INF] Executing OkObjectResult, writing value of type '<>f__AnonymousType2`1[[System.String, System.Private.CoreLib, Version=8.0.0.0, Culture=neutral, PublicKeyToken=7cec85d7bea7798e]]'.
2025-04-18 20:13:16.620 +01:00 [INF] Executed action AnimeApp.API.Controllers.AuthController.Register (AnimeApp.API) in 1755.5946ms
2025-04-18 20:13:16.622 +01:00 [INF] Executed endpoint 'AnimeApp.API.Controllers.AuthController.Register (AnimeApp.API)'
2025-04-18 20:13:16.624 +01:00 [INF] Request finished HTTP/2 POST https://localhost:7227/api/Auth/register - 200 null application/json; charset=utf-8 1770.0659ms
