2025-04-19 00:01:58.295 +01:00 [INF] Application is shutting down...
2025-04-19 00:02:16.007 +01:00 [INF] User profile is available. Using 'C:\Users\ctrl-f2-dev-1\AppData\Local\ASP.NET\DataProtection-Keys' as key repository and Windows DPAPI to encrypt keys at rest.
2025-04-19 00:02:16.153 +01:00 [INF] Now listening on: https://localhost:7227
2025-04-19 00:02:16.157 +01:00 [INF] Now listening on: http://localhost:5216
2025-04-19 00:02:16.205 +01:00 [INF] Application started. Press Ctrl+C to shut down.
2025-04-19 00:02:16.207 +01:00 [INF] Hosting environment: Development
2025-04-19 00:02:16.209 +01:00 [INF] Content root path: C:\Users\ctrl-f2-dev-1\project\AnimeApp.API
2025-04-19 00:02:16.332 +01:00 [INF] Request starting HTTP/2 GET https://localhost:7227/swagger/index.html - null null
2025-04-19 00:02:16.489 +01:00 [INF] Request finished HTTP/2 GET https://localhost:7227/swagger/index.html - 200 null text/html;charset=utf-8 158.4595ms
2025-04-19 00:02:16.501 +01:00 [INF] Request starting HTTP/2 GET https://localhost:7227/swagger/index.js - null null
2025-04-19 00:02:16.501 +01:00 [INF] Request starting HTTP/2 GET https://localhost:7227/_framework/aspnetcore-browser-refresh.js - null null
2025-04-19 00:02:16.509 +01:00 [INF] Request finished HTTP/2 GET https://localhost:7227/swagger/index.js - 200 null application/javascript;charset=utf-8 7.959ms
2025-04-19 00:02:16.513 +01:00 [INF] Request starting HTTP/2 GET https://localhost:7227/_vs/browserLink - null null
2025-04-19 00:02:16.524 +01:00 [INF] Request finished HTTP/2 GET https://localhost:7227/_framework/aspnetcore-browser-refresh.js - 200 13776 application/javascript; charset=utf-8 23.1439ms
2025-04-19 00:02:16.555 +01:00 [INF] Request finished HTTP/2 GET https://localhost:7227/_vs/browserLink - 200 null text/javascript; charset=UTF-8 41.8274ms
2025-04-19 00:02:16.723 +01:00 [INF] Request starting HTTP/2 GET https://localhost:7227/swagger/v1/swagger.json - null null
2025-04-19 00:02:16.739 +01:00 [INF] Request finished HTTP/2 GET https://localhost:7227/swagger/v1/swagger.json - 200 null application/json;charset=utf-8 15.3727ms
2025-04-19 00:25:30.810 +01:00 [INF] User profile is available. Using 'C:\Users\ctrl-f2-dev-1\AppData\Local\ASP.NET\DataProtection-Keys' as key repository and Windows DPAPI to encrypt keys at rest.
2025-04-19 00:25:31.016 +01:00 [INF] Now listening on: https://localhost:7227
2025-04-19 00:25:31.019 +01:00 [INF] Now listening on: http://localhost:5216
2025-04-19 00:25:31.158 +01:00 [INF] Application started. Press Ctrl+C to shut down.
2025-04-19 00:25:31.161 +01:00 [INF] Hosting environment: Development
2025-04-19 00:25:31.164 +01:00 [INF] Content root path: C:\Users\ctrl-f2-dev-1\project\AnimeApp.API
2025-04-19 00:25:31.164 +01:00 [INF] Request starting HTTP/2 GET https://localhost:7227/swagger/index.html - null null
2025-04-19 00:25:31.375 +01:00 [INF] Request finished HTTP/2 GET https://localhost:7227/swagger/index.html - 200 null text/html;charset=utf-8 214.1049ms
2025-04-19 00:25:31.383 +01:00 [INF] Request starting HTTP/2 GET https://localhost:7227/_vs/browserLink - null null
2025-04-19 00:25:31.383 +01:00 [INF] Request starting HTTP/2 GET https://localhost:7227/_framework/aspnetcore-browser-refresh.js - null null
2025-04-19 00:25:31.383 +01:00 [INF] Request starting HTTP/2 GET https://localhost:7227/swagger/index.js - null null
2025-04-19 00:25:31.402 +01:00 [INF] Request finished HTTP/2 GET https://localhost:7227/swagger/index.js - 200 null application/javascript;charset=utf-8 19.1572ms
2025-04-19 00:25:31.408 +01:00 [INF] Request finished HTTP/2 GET https://localhost:7227/_framework/aspnetcore-browser-refresh.js - 200 13776 application/javascript; charset=utf-8 25.1084ms
2025-04-19 00:25:31.428 +01:00 [INF] Request finished HTTP/2 GET https://localhost:7227/_vs/browserLink - 200 null text/javascript; charset=UTF-8 45.3914ms
2025-04-19 00:25:31.516 +01:00 [INF] Request starting HTTP/2 GET https://localhost:7227/swagger/v1/swagger.json - null null
2025-04-19 00:25:31.535 +01:00 [INF] Request finished HTTP/2 GET https://localhost:7227/swagger/v1/swagger.json - 200 null application/json;charset=utf-8 19.6192ms
2025-04-19 00:26:10.654 +01:00 [INF] Request starting HTTP/2 POST https://localhost:7227/api/Auth/register - application/json 88
2025-04-19 00:26:10.669 +01:00 [INF] CORS policy execution successful.
2025-04-19 00:26:10.705 +01:00 [INF] Executing endpoint 'AnimeApp.API.Controllers.AuthController.Register (AnimeApp.API)'
2025-04-19 00:26:10.740 +01:00 [INF] Route matched with {action = "Register", controller = "Auth"}. Executing controller action with signature System.Threading.Tasks.Task`1[Microsoft.AspNetCore.Mvc.IActionResult] Register(AnimeApp.Core.Models.RegisterModel) on controller AnimeApp.API.Controllers.AuthController (AnimeApp.API).
2025-04-19 00:26:10.927 +01:00 [INF] Register called: Email=mublin99@gmail.com, Username=string
2025-04-19 00:26:12.498 +01:00 [INF] Executed DbCommand (64ms) [Parameters=[@__normalizedUserName_0='?'], CommandType='"Text"', CommandTimeout='30']
SELECT a."Id", a."AccessFailedCount", a."ConcurrencyStamp", a."Email", a."EmailConfirmed", a."LockoutEnabled", a."LockoutEnd", a."NormalizedEmail", a."NormalizedUserName", a."PasswordHash", a."PhoneNumber", a."PhoneNumberConfirmed", a."SecurityStamp", a."TwoFactorEnabled", a."UserName"
FROM "AspNetUsers" AS a
WHERE a."NormalizedUserName" = @__normalizedUserName_0
LIMIT 1
2025-04-19 00:26:12.739 +01:00 [INF] Executed DbCommand (13ms) [Parameters=[@p0='?', @p1='?' (DbType = Int32), @p2='?', @p3='?', @p4='?' (DbType = Boolean), @p5='?' (DbType = Boolean), @p6='?' (DbType = DateTime), @p7='?', @p8='?', @p9='?', @p10='?', @p11='?' (DbType = Boolean), @p12='?', @p13='?' (DbType = Boolean), @p14='?'], CommandType='"Text"', CommandTimeout='30']
INSERT INTO "AspNetUsers" ("Id", "AccessFailedCount", "ConcurrencyStamp", "Email", "EmailConfirmed", "LockoutEnabled", "LockoutEnd", "NormalizedEmail", "NormalizedUserName", "PasswordHash", "PhoneNumber", "PhoneNumberConfirmed", "SecurityStamp", "TwoFactorEnabled", "UserName")
VALUES (@p0, @p1, @p2, @p3, @p4, @p5, @p6, @p7, @p8, @p9, @p10, @p11, @p12, @p13, @p14);
2025-04-19 00:26:12.771 +01:00 [INF] Executed DbCommand (3ms) [Parameters=[@__normalizedRoleName_0='?'], CommandType='"Text"', CommandTimeout='30']
SELECT a."Id", a."ConcurrencyStamp", a."Name", a."NormalizedName"
FROM "AspNetRoles" AS a
WHERE a."NormalizedName" = @__normalizedRoleName_0
LIMIT 2
2025-04-19 00:26:12.829 +01:00 [INF] Executed DbCommand (3ms) [Parameters=[@__p_0='?', @__p_1='?'], CommandType='"Text"', CommandTimeout='30']
SELECT a."UserId", a."RoleId"
FROM "AspNetUserRoles" AS a
WHERE a."UserId" = @__p_0 AND a."RoleId" = @__p_1
LIMIT 1
2025-04-19 00:26:12.841 +01:00 [INF] Executed DbCommand (1ms) [Parameters=[@__normalizedRoleName_0='?'], CommandType='"Text"', CommandTimeout='30']
SELECT a."Id", a."ConcurrencyStamp", a."Name", a."NormalizedName"
FROM "AspNetRoles" AS a
WHERE a."NormalizedName" = @__normalizedRoleName_0
LIMIT 2
2025-04-19 00:26:12.861 +01:00 [INF] Executed DbCommand (1ms) [Parameters=[@__normalizedUserName_0='?'], CommandType='"Text"', CommandTimeout='30']
SELECT a."Id", a."AccessFailedCount", a."ConcurrencyStamp", a."Email", a."EmailConfirmed", a."LockoutEnabled", a."LockoutEnd", a."NormalizedEmail", a."NormalizedUserName", a."PasswordHash", a."PhoneNumber", a."PhoneNumberConfirmed", a."SecurityStamp", a."TwoFactorEnabled", a."UserName"
FROM "AspNetUsers" AS a
WHERE a."NormalizedUserName" = @__normalizedUserName_0
LIMIT 1
2025-04-19 00:26:12.902 +01:00 [INF] Executed DbCommand (2ms) [Parameters=[@p0='?', @p1='?', @p16='?', @p2='?' (DbType = Int32), @p3='?', @p17='?', @p4='?', @p5='?' (DbType = Boolean), @p6='?' (DbType = Boolean), @p7='?' (DbType = DateTime), @p8='?', @p9='?', @p10='?', @p11='?', @p12='?' (DbType = Boolean), @p13='?', @p14='?' (DbType = Boolean), @p15='?'], CommandType='"Text"', CommandTimeout='30']
INSERT INTO "AspNetUserRoles" ("RoleId", "UserId")
VALUES (@p0, @p1);
UPDATE "AspNetUsers" SET "AccessFailedCount" = @p2, "ConcurrencyStamp" = @p3, "Email" = @p4, "EmailConfirmed" = @p5, "LockoutEnabled" = @p6, "LockoutEnd" = @p7, "NormalizedEmail" = @p8, "NormalizedUserName" = @p9, "PasswordHash" = @p10, "PhoneNumber" = @p11, "PhoneNumberConfirmed" = @p12, "SecurityStamp" = @p13, "TwoFactorEnabled" = @p14, "UserName" = @p15
WHERE "Id" = @p16 AND "ConcurrencyStamp" = @p17;
2025-04-19 00:26:12.940 +01:00 [INF] Preparing to send email to mublin99@gmail.com with subject Confirm Your AnimeApp Email
2025-04-19 00:26:12.950 +01:00 [INF] Sending email to SendGrid API for mublin99@gmail.com
2025-04-19 00:26:13.084 +01:00 [INF] Executed action AnimeApp.API.Controllers.AuthController.Register (AnimeApp.API) in 2334.8013ms
2025-04-19 00:26:13.089 +01:00 [INF] Executed endpoint 'AnimeApp.API.Controllers.AuthController.Register (AnimeApp.API)'
2025-04-19 00:26:13.092 +01:00 [ERR] An unhandled exception has occurred while executing the request.
System.Net.Http.HttpRequestException: No such host is known. (api.sendgrid.com:443)
 ---> System.Net.Sockets.SocketException (11001): No such host is known.
   at System.Net.Sockets.Socket.AwaitableSocketAsyncEventArgs.ThrowException(SocketError error, CancellationToken cancellationToken)
   at System.Net.Sockets.Socket.AwaitableSocketAsyncEventArgs.System.Threading.Tasks.Sources.IValueTaskSource.GetResult(Int16 token)
   at System.Net.Sockets.Socket.<ConnectAsync>g__WaitForConnectWithCancellation|285_0(AwaitableSocketAsyncEventArgs saea, ValueTask connectTask, CancellationToken cancellationToken)
   at System.Net.Http.HttpConnectionPool.ConnectToTcpHostAsync(String host, Int32 port, HttpRequestMessage initialRequest, Boolean async, CancellationToken cancellationToken)
   --- End of inner exception stack trace ---
   at System.Net.Http.HttpConnectionPool.ConnectToTcpHostAsync(String host, Int32 port, HttpRequestMessage initialRequest, Boolean async, CancellationToken cancellationToken)
   at System.Net.Http.HttpConnectionPool.ConnectAsync(HttpRequestMessage request, Boolean async, CancellationToken cancellationToken)
   at System.Net.Http.HttpConnectionPool.CreateHttp11ConnectionAsync(HttpRequestMessage request, Boolean async, CancellationToken cancellationToken)
   at System.Net.Http.HttpConnectionPool.AddHttp11ConnectionAsync(QueueItem queueItem)
   at System.Threading.Tasks.TaskCompletionSourceWithCancellation`1.WaitWithCancellationAsync(CancellationToken cancellationToken)
   at System.Net.Http.HttpConnectionPool.SendWithVersionDetectionAndRetryAsync(HttpRequestMessage request, Boolean async, Boolean doRequestAuth, CancellationToken cancellationToken)
   at System.Net.Http.DiagnosticsHandler.SendAsyncCore(HttpRequestMessage request, Boolean async, CancellationToken cancellationToken)
   at System.Net.Http.RedirectHandler.SendAsync(HttpRequestMessage request, Boolean async, CancellationToken cancellationToken)
   at SendGrid.Helpers.Reliability.RetryDelegatingHandler.SendAsync(HttpRequestMessage request, CancellationToken cancellationToken)
   at System.Net.Http.HttpClient.<SendAsync>g__Core|83_0(HttpRequestMessage request, HttpCompletionOption completionOption, CancellationTokenSource cts, Boolean disposeCts, CancellationTokenSource pendingRequestsCts, CancellationToken originalCancellationToken)
   at SendGrid.BaseClient.MakeRequest(HttpRequestMessage request, CancellationToken cancellationToken)
   at SendGrid.BaseClient.RequestAsync(Method method, String requestBody, String queryParams, String urlPath, CancellationToken cancellationToken)
   at SendGrid.BaseClient.SendEmailAsync(SendGridMessage msg, CancellationToken cancellationToken)
   at AnimeApp.Infrastructure.Services.EmailSender.SendEmailAsync(String email, String subject, String htmlMessage) in C:\Users\ctrl-f2-dev-1\project\AnimeApp.Infrastructure\Services\EmailSender.cs:line 39
   at AnimeApp.API.Controllers.AuthController.Register(RegisterModel model) in C:\Users\ctrl-f2-dev-1\project\AnimeApp.API\Controllers\AuthController.cs:line 62
   at Microsoft.AspNetCore.Mvc.Infrastructure.ActionMethodExecutor.TaskOfIActionResultExecutor.Execute(ActionContext actionContext, IActionResultTypeMapper mapper, ObjectMethodExecutor executor, Object controller, Object[] arguments)
   at Microsoft.AspNetCore.Mvc.Infrastructure.ControllerActionInvoker.<InvokeActionMethodAsync>g__Awaited|12_0(ControllerActionInvoker invoker, ValueTask`1 actionResultValueTask)
   at Microsoft.AspNetCore.Mvc.Infrastructure.ControllerActionInvoker.<InvokeNextActionFilterAsync>g__Awaited|10_0(ControllerActionInvoker invoker, Task lastTask, State next, Scope scope, Object state, Boolean isCompleted)
   at Microsoft.AspNetCore.Mvc.Infrastructure.ControllerActionInvoker.Rethrow(ActionExecutedContextSealed context)
   at Microsoft.AspNetCore.Mvc.Infrastructure.ControllerActionInvoker.Next(State& next, Scope& scope, Object& state, Boolean& isCompleted)
   at Microsoft.AspNetCore.Mvc.Infrastructure.ControllerActionInvoker.<InvokeInnerFilterAsync>g__Awaited|13_0(ControllerActionInvoker invoker, Task lastTask, State next, Scope scope, Object state, Boolean isCompleted)
   at Microsoft.AspNetCore.Mvc.Infrastructure.ResourceInvoker.<InvokeFilterPipelineAsync>g__Awaited|20_0(ResourceInvoker invoker, Task lastTask, State next, Scope scope, Object state, Boolean isCompleted)
   at Microsoft.AspNetCore.Mvc.Infrastructure.ResourceInvoker.<InvokeAsync>g__Logged|17_1(ResourceInvoker invoker)
   at Microsoft.AspNetCore.Mvc.Infrastructure.ResourceInvoker.<InvokeAsync>g__Logged|17_1(ResourceInvoker invoker)
   at Microsoft.AspNetCore.Routing.EndpointMiddleware.<Invoke>g__AwaitRequestTask|7_0(Endpoint endpoint, Task requestTask, ILogger logger)
   at Microsoft.AspNetCore.Authorization.AuthorizationMiddleware.Invoke(HttpContext context)
   at Microsoft.AspNetCore.Authentication.AuthenticationMiddleware.Invoke(HttpContext context)
   at Swashbuckle.AspNetCore.SwaggerUI.SwaggerUIMiddleware.Invoke(HttpContext httpContext)
   at Swashbuckle.AspNetCore.Swagger.SwaggerMiddleware.Invoke(HttpContext httpContext, ISwaggerProvider swaggerProvider)
   at Microsoft.AspNetCore.Diagnostics.DeveloperExceptionPageMiddlewareImpl.Invoke(HttpContext context)
2025-04-19 00:26:13.158 +01:00 [INF] Request finished HTTP/2 POST https://localhost:7227/api/Auth/register - 500 null text/plain; charset=utf-8 2503.2443ms
2025-04-19 00:28:25.737 +01:00 [INF] Request starting HTTP/2 POST https://localhost:7227/api/Auth/register - application/json 88
2025-04-19 00:28:25.747 +01:00 [INF] CORS policy execution successful.
2025-04-19 00:28:25.751 +01:00 [INF] Executing endpoint 'AnimeApp.API.Controllers.AuthController.Register (AnimeApp.API)'
2025-04-19 00:28:25.753 +01:00 [INF] Route matched with {action = "Register", controller = "Auth"}. Executing controller action with signature System.Threading.Tasks.Task`1[Microsoft.AspNetCore.Mvc.IActionResult] Register(AnimeApp.Core.Models.RegisterModel) on controller AnimeApp.API.Controllers.AuthController (AnimeApp.API).
2025-04-19 00:28:25.759 +01:00 [INF] Register called: Email=mublin99@gmail.com, Username=string
2025-04-19 00:28:25.931 +01:00 [INF] Executed DbCommand (1ms) [Parameters=[@__normalizedUserName_0='?'], CommandType='"Text"', CommandTimeout='30']
SELECT a."Id", a."AccessFailedCount", a."ConcurrencyStamp", a."Email", a."EmailConfirmed", a."LockoutEnabled", a."LockoutEnd", a."NormalizedEmail", a."NormalizedUserName", a."PasswordHash", a."PhoneNumber", a."PhoneNumberConfirmed", a."SecurityStamp", a."TwoFactorEnabled", a."UserName"
FROM "AspNetUsers" AS a
WHERE a."NormalizedUserName" = @__normalizedUserName_0
LIMIT 1
2025-04-19 00:28:25.940 +01:00 [INF] Executed DbCommand (1ms) [Parameters=[@p0='?', @p1='?' (DbType = Int32), @p2='?', @p3='?', @p4='?' (DbType = Boolean), @p5='?' (DbType = Boolean), @p6='?' (DbType = DateTime), @p7='?', @p8='?', @p9='?', @p10='?', @p11='?' (DbType = Boolean), @p12='?', @p13='?' (DbType = Boolean), @p14='?'], CommandType='"Text"', CommandTimeout='30']
INSERT INTO "AspNetUsers" ("Id", "AccessFailedCount", "ConcurrencyStamp", "Email", "EmailConfirmed", "LockoutEnabled", "LockoutEnd", "NormalizedEmail", "NormalizedUserName", "PasswordHash", "PhoneNumber", "PhoneNumberConfirmed", "SecurityStamp", "TwoFactorEnabled", "UserName")
VALUES (@p0, @p1, @p2, @p3, @p4, @p5, @p6, @p7, @p8, @p9, @p10, @p11, @p12, @p13, @p14);
2025-04-19 00:28:25.945 +01:00 [INF] Executed DbCommand (1ms) [Parameters=[@__normalizedRoleName_0='?'], CommandType='"Text"', CommandTimeout='30']
SELECT a."Id", a."ConcurrencyStamp", a."Name", a."NormalizedName"
FROM "AspNetRoles" AS a
WHERE a."NormalizedName" = @__normalizedRoleName_0
LIMIT 2
2025-04-19 00:28:25.950 +01:00 [INF] Executed DbCommand (1ms) [Parameters=[@__p_0='?', @__p_1='?'], CommandType='"Text"', CommandTimeout='30']
SELECT a."UserId", a."RoleId"
FROM "AspNetUserRoles" AS a
WHERE a."UserId" = @__p_0 AND a."RoleId" = @__p_1
LIMIT 1
2025-04-19 00:28:25.954 +01:00 [INF] Executed DbCommand (1ms) [Parameters=[@__normalizedRoleName_0='?'], CommandType='"Text"', CommandTimeout='30']
SELECT a."Id", a."ConcurrencyStamp", a."Name", a."NormalizedName"
FROM "AspNetRoles" AS a
WHERE a."NormalizedName" = @__normalizedRoleName_0
LIMIT 2
2025-04-19 00:28:25.959 +01:00 [INF] Executed DbCommand (1ms) [Parameters=[@__normalizedUserName_0='?'], CommandType='"Text"', CommandTimeout='30']
SELECT a."Id", a."AccessFailedCount", a."ConcurrencyStamp", a."Email", a."EmailConfirmed", a."LockoutEnabled", a."LockoutEnd", a."NormalizedEmail", a."NormalizedUserName", a."PasswordHash", a."PhoneNumber", a."PhoneNumberConfirmed", a."SecurityStamp", a."TwoFactorEnabled", a."UserName"
FROM "AspNetUsers" AS a
WHERE a."NormalizedUserName" = @__normalizedUserName_0
LIMIT 1
2025-04-19 00:28:25.965 +01:00 [INF] Executed DbCommand (1ms) [Parameters=[@p0='?', @p1='?', @p16='?', @p2='?' (DbType = Int32), @p3='?', @p17='?', @p4='?', @p5='?' (DbType = Boolean), @p6='?' (DbType = Boolean), @p7='?' (DbType = DateTime), @p8='?', @p9='?', @p10='?', @p11='?', @p12='?' (DbType = Boolean), @p13='?', @p14='?' (DbType = Boolean), @p15='?'], CommandType='"Text"', CommandTimeout='30']
INSERT INTO "AspNetUserRoles" ("RoleId", "UserId")
VALUES (@p0, @p1);
UPDATE "AspNetUsers" SET "AccessFailedCount" = @p2, "ConcurrencyStamp" = @p3, "Email" = @p4, "EmailConfirmed" = @p5, "LockoutEnabled" = @p6, "LockoutEnd" = @p7, "NormalizedEmail" = @p8, "NormalizedUserName" = @p9, "PasswordHash" = @p10, "PhoneNumber" = @p11, "PhoneNumberConfirmed" = @p12, "SecurityStamp" = @p13, "TwoFactorEnabled" = @p14, "UserName" = @p15
WHERE "Id" = @p16 AND "ConcurrencyStamp" = @p17;
2025-04-19 00:28:25.970 +01:00 [INF] Preparing to send email to mublin99@gmail.com with subject Confirm Your AnimeApp Email
2025-04-19 00:28:25.972 +01:00 [INF] Sending email to SendGrid API for mublin99@gmail.com
2025-04-19 00:28:27.485 +01:00 [INF] SendGrid response for mublin99@gmail.com: Status="Accepted", Body=
2025-04-19 00:28:27.494 +01:00 [INF] Email sent successfully to mublin99@gmail.com
2025-04-19 00:28:27.623 +01:00 [INF] Executed DbCommand (83ms) [Parameters=[@p0='?', @p1='?', @p2='?' (DbType = DateTime), @p3='?' (DbType = Object), @p4='?', @p5='?' (DbType = DateTime), @p6='?', @p7='?'], CommandType='"Text"', CommandTimeout='30']
INSERT INTO "UserProfiles" ("Id", "Bio", "CreatedAt", "Links", "ProfilePhotoUrl", "UpdatedAt", "UserId", "Username")
VALUES (@p0, @p1, @p2, @p3, @p4, @p5, @p6, @p7);
2025-04-19 00:28:27.633 +01:00 [INF] User registered successfully: mublin99@gmail.com
2025-04-19 00:28:27.642 +01:00 [INF] Executing OkObjectResult, writing value of type '<>f__AnonymousType2`1[[System.String, System.Private.CoreLib, Version=8.0.0.0, Culture=neutral, PublicKeyToken=7cec85d7bea7798e]]'.
2025-04-19 00:28:27.652 +01:00 [INF] Executed action AnimeApp.API.Controllers.AuthController.Register (AnimeApp.API) in 1897.7566ms
2025-04-19 00:28:27.656 +01:00 [INF] Executed endpoint 'AnimeApp.API.Controllers.AuthController.Register (AnimeApp.API)'
2025-04-19 00:28:27.657 +01:00 [INF] Request finished HTTP/2 POST https://localhost:7227/api/Auth/register - 200 null application/json; charset=utf-8 1920.1666ms
2025-04-19 04:32:48.706 +01:00 [INF] Request starting HTTP/2 GET https://localhost:7227/api/Auth/ConfirmEmail?userId=e7d5d937-cf70-4fbb-a2fa-43ffe509c877&token=CfDJ8Le4aKyjc7RPkB7HYM0UyHyaTyl2yxdtXRDWexMqDUreVNta3cDr%2BCJXwQJgSoM29WALKIzX2bTJyxxR5OCLVROd7frPynKrUM5IriRBaRsdH0TtB6eY5QUCHNLcFLMwIP8%2BXopZbrSIdrlo7CzUQtLAU9%2Bv5sDDfAX25kNHLMmn8JoCQiJK%2FlKMBon2Tms2V6syvG31fwAETYHEk811TJNW%2BN1lLfy7OVNCDBM2%2FWRC5E69fRGOhHNnhV0xpEMclA%3D%3D - null null
2025-04-19 04:32:48.730 +01:00 [INF] Executing endpoint 'AnimeApp.API.Controllers.AuthController.ConfirmEmail (AnimeApp.API)'
2025-04-19 04:32:48.747 +01:00 [INF] Route matched with {action = "ConfirmEmail", controller = "Auth"}. Executing controller action with signature System.Threading.Tasks.Task`1[Microsoft.AspNetCore.Mvc.IActionResult] ConfirmEmail(System.String, System.String) on controller AnimeApp.API.Controllers.AuthController (AnimeApp.API).
2025-04-19 04:32:48.859 +01:00 [INF] Executed DbCommand (4ms) [Parameters=[@__p_0='?'], CommandType='"Text"', CommandTimeout='30']
SELECT a."Id", a."AccessFailedCount", a."ConcurrencyStamp", a."Email", a."EmailConfirmed", a."LockoutEnabled", a."LockoutEnd", a."NormalizedEmail", a."NormalizedUserName", a."PasswordHash", a."PhoneNumber", a."PhoneNumberConfirmed", a."SecurityStamp", a."TwoFactorEnabled", a."UserName"
FROM "AspNetUsers" AS a
WHERE a."Id" = @__p_0
LIMIT 1
2025-04-19 04:32:48.864 +01:00 [ERR] User not found for email confirmation: UserId=e7d5d937-cf70-4fbb-a2fa-43ffe509c877
2025-04-19 04:32:48.878 +01:00 [INF] Executing NotFoundObjectResult, writing value of type '<>f__AnonymousType2`1[[System.String, System.Private.CoreLib, Version=8.0.0.0, Culture=neutral, PublicKeyToken=7cec85d7bea7798e]]'.
2025-04-19 04:32:48.882 +01:00 [INF] Executed action AnimeApp.API.Controllers.AuthController.ConfirmEmail (AnimeApp.API) in 124.6548ms
2025-04-19 04:32:48.886 +01:00 [INF] Executed endpoint 'AnimeApp.API.Controllers.AuthController.ConfirmEmail (AnimeApp.API)'
2025-04-19 04:32:48.888 +01:00 [INF] Request finished HTTP/2 GET https://localhost:7227/api/Auth/ConfirmEmail?userId=e7d5d937-cf70-4fbb-a2fa-43ffe509c877&token=CfDJ8Le4aKyjc7RPkB7HYM0UyHyaTyl2yxdtXRDWexMqDUreVNta3cDr%2BCJXwQJgSoM29WALKIzX2bTJyxxR5OCLVROd7frPynKrUM5IriRBaRsdH0TtB6eY5QUCHNLcFLMwIP8%2BXopZbrSIdrlo7CzUQtLAU9%2Bv5sDDfAX25kNHLMmn8JoCQiJK%2FlKMBon2Tms2V6syvG31fwAETYHEk811TJNW%2BN1lLfy7OVNCDBM2%2FWRC5E69fRGOhHNnhV0xpEMclA%3D%3D - 404 null application/json; charset=utf-8 182.0128ms
2025-04-19 04:32:48.928 +01:00 [INF] Request starting HTTP/2 GET https://localhost:7227/favicon.ico - null null
2025-04-19 04:32:48.935 +01:00 [INF] Request finished HTTP/2 GET https://localhost:7227/favicon.ico - 404 0 null 7.0359ms
2025-04-19 04:32:48.941 +01:00 [INF] Request reached the end of the middleware pipeline without being handled by application code. Request path: GET https://localhost:7227/favicon.ico, Response status code: 404
2025-04-19 04:32:59.229 +01:00 [INF] Request starting HTTP/2 GET https://localhost:7227/swagger/index.html - null null
2025-04-19 04:32:59.237 +01:00 [INF] Request finished HTTP/2 GET https://localhost:7227/swagger/index.html - 200 null text/html;charset=utf-8 7.7436ms
2025-04-19 04:32:59.252 +01:00 [INF] Request starting HTTP/2 GET https://localhost:7227/_framework/aspnetcore-browser-refresh.js - null null
2025-04-19 04:32:59.253 +01:00 [INF] Request starting HTTP/2 GET https://localhost:7227/swagger/index.js - null null
2025-04-19 04:32:59.258 +01:00 [INF] Request finished HTTP/2 GET https://localhost:7227/_framework/aspnetcore-browser-refresh.js - 200 13776 application/javascript; charset=utf-8 5.7093ms
2025-04-19 04:32:59.262 +01:00 [INF] Request finished HTTP/2 GET https://localhost:7227/swagger/index.js - 200 null application/javascript;charset=utf-8 9.6878ms
2025-04-19 04:32:59.266 +01:00 [INF] Request starting HTTP/2 GET https://localhost:7227/_vs/browserLink - null null
2025-04-19 04:32:59.286 +01:00 [INF] Request finished HTTP/2 GET https://localhost:7227/_vs/browserLink - 200 null text/javascript; charset=UTF-8 19.4821ms
2025-04-19 04:32:59.533 +01:00 [INF] Request starting HTTP/2 GET https://localhost:7227/swagger/v1/swagger.json - null null
2025-04-19 04:32:59.545 +01:00 [INF] Request finished HTTP/2 GET https://localhost:7227/swagger/v1/swagger.json - 200 null application/json;charset=utf-8 11.5634ms
2025-04-19 04:33:10.063 +01:00 [INF] Request starting HTTP/2 GET https://localhost:7227/api/Auth/ConfirmEmail?userId=e7d5d937-cf70-4fbb-a2fa-43ffe509c877&token=CfDJ8Le4aKyjc7RPkB7HYM0UyHyaTyl2yxdtXRDWexMqDUreVNta3cDr%2BCJXwQJgSoM29WALKIzX2bTJyxxR5OCLVROd7frPynKrUM5IriRBaRsdH0TtB6eY5QUCHNLcFLMwIP8%2BXopZbrSIdrlo7CzUQtLAU9%2Bv5sDDfAX25kNHLMmn8JoCQiJK%2FlKMBon2Tms2V6syvG31fwAETYHEk811TJNW%2BN1lLfy7OVNCDBM2%2FWRC5E69fRGOhHNnhV0xpEMclA%3D%3D - null null
2025-04-19 04:33:10.085 +01:00 [INF] Executing endpoint 'AnimeApp.API.Controllers.AuthController.ConfirmEmail (AnimeApp.API)'
2025-04-19 04:33:10.092 +01:00 [INF] Route matched with {action = "ConfirmEmail", controller = "Auth"}. Executing controller action with signature System.Threading.Tasks.Task`1[Microsoft.AspNetCore.Mvc.IActionResult] ConfirmEmail(System.String, System.String) on controller AnimeApp.API.Controllers.AuthController (AnimeApp.API).
2025-04-19 04:33:10.112 +01:00 [INF] Executed DbCommand (4ms) [Parameters=[@__p_0='?'], CommandType='"Text"', CommandTimeout='30']
SELECT a."Id", a."AccessFailedCount", a."ConcurrencyStamp", a."Email", a."EmailConfirmed", a."LockoutEnabled", a."LockoutEnd", a."NormalizedEmail", a."NormalizedUserName", a."PasswordHash", a."PhoneNumber", a."PhoneNumberConfirmed", a."SecurityStamp", a."TwoFactorEnabled", a."UserName"
FROM "AspNetUsers" AS a
WHERE a."Id" = @__p_0
LIMIT 1
2025-04-19 04:33:10.120 +01:00 [ERR] User not found for email confirmation: UserId=e7d5d937-cf70-4fbb-a2fa-43ffe509c877
2025-04-19 04:33:10.122 +01:00 [INF] Executing NotFoundObjectResult, writing value of type '<>f__AnonymousType2`1[[System.String, System.Private.CoreLib, Version=8.0.0.0, Culture=neutral, PublicKeyToken=7cec85d7bea7798e]]'.
2025-04-19 04:33:10.124 +01:00 [INF] Executed action AnimeApp.API.Controllers.AuthController.ConfirmEmail (AnimeApp.API) in 19.1771ms
2025-04-19 04:33:10.126 +01:00 [INF] Executed endpoint 'AnimeApp.API.Controllers.AuthController.ConfirmEmail (AnimeApp.API)'
2025-04-19 04:33:10.128 +01:00 [INF] Request finished HTTP/2 GET https://localhost:7227/api/Auth/ConfirmEmail?userId=e7d5d937-cf70-4fbb-a2fa-43ffe509c877&token=CfDJ8Le4aKyjc7RPkB7HYM0UyHyaTyl2yxdtXRDWexMqDUreVNta3cDr%2BCJXwQJgSoM29WALKIzX2bTJyxxR5OCLVROd7frPynKrUM5IriRBaRsdH0TtB6eY5QUCHNLcFLMwIP8%2BXopZbrSIdrlo7CzUQtLAU9%2Bv5sDDfAX25kNHLMmn8JoCQiJK%2FlKMBon2Tms2V6syvG31fwAETYHEk811TJNW%2BN1lLfy7OVNCDBM2%2FWRC5E69fRGOhHNnhV0xpEMclA%3D%3D - 404 null application/json; charset=utf-8 65.1989ms
2025-04-19 04:33:11.649 +01:00 [INF] Request starting HTTP/2 GET https://localhost:7227/api/Auth/ConfirmEmail?userId=e7d5d937-cf70-4fbb-a2fa-43ffe509c877&token=CfDJ8Le4aKyjc7RPkB7HYM0UyHyaTyl2yxdtXRDWexMqDUreVNta3cDr%2BCJXwQJgSoM29WALKIzX2bTJyxxR5OCLVROd7frPynKrUM5IriRBaRsdH0TtB6eY5QUCHNLcFLMwIP8%2BXopZbrSIdrlo7CzUQtLAU9%2Bv5sDDfAX25kNHLMmn8JoCQiJK%2FlKMBon2Tms2V6syvG31fwAETYHEk811TJNW%2BN1lLfy7OVNCDBM2%2FWRC5E69fRGOhHNnhV0xpEMclA%3D%3D - null null
2025-04-19 04:33:11.656 +01:00 [INF] Executing endpoint 'AnimeApp.API.Controllers.AuthController.ConfirmEmail (AnimeApp.API)'
2025-04-19 04:33:11.659 +01:00 [INF] Route matched with {action = "ConfirmEmail", controller = "Auth"}. Executing controller action with signature System.Threading.Tasks.Task`1[Microsoft.AspNetCore.Mvc.IActionResult] ConfirmEmail(System.String, System.String) on controller AnimeApp.API.Controllers.AuthController (AnimeApp.API).
2025-04-19 04:33:11.665 +01:00 [INF] Executed DbCommand (1ms) [Parameters=[@__p_0='?'], CommandType='"Text"', CommandTimeout='30']
SELECT a."Id", a."AccessFailedCount", a."ConcurrencyStamp", a."Email", a."EmailConfirmed", a."LockoutEnabled", a."LockoutEnd", a."NormalizedEmail", a."NormalizedUserName", a."PasswordHash", a."PhoneNumber", a."PhoneNumberConfirmed", a."SecurityStamp", a."TwoFactorEnabled", a."UserName"
FROM "AspNetUsers" AS a
WHERE a."Id" = @__p_0
LIMIT 1
2025-04-19 04:33:11.667 +01:00 [ERR] User not found for email confirmation: UserId=e7d5d937-cf70-4fbb-a2fa-43ffe509c877
2025-04-19 04:33:11.669 +01:00 [INF] Executing NotFoundObjectResult, writing value of type '<>f__AnonymousType2`1[[System.String, System.Private.CoreLib, Version=8.0.0.0, Culture=neutral, PublicKeyToken=7cec85d7bea7798e]]'.
2025-04-19 04:33:11.670 +01:00 [INF] Executed action AnimeApp.API.Controllers.AuthController.ConfirmEmail (AnimeApp.API) in 7.8583ms
2025-04-19 04:33:11.673 +01:00 [INF] Executed endpoint 'AnimeApp.API.Controllers.AuthController.ConfirmEmail (AnimeApp.API)'
2025-04-19 04:33:11.675 +01:00 [INF] Request finished HTTP/2 GET https://localhost:7227/api/Auth/ConfirmEmail?userId=e7d5d937-cf70-4fbb-a2fa-43ffe509c877&token=CfDJ8Le4aKyjc7RPkB7HYM0UyHyaTyl2yxdtXRDWexMqDUreVNta3cDr%2BCJXwQJgSoM29WALKIzX2bTJyxxR5OCLVROd7frPynKrUM5IriRBaRsdH0TtB6eY5QUCHNLcFLMwIP8%2BXopZbrSIdrlo7CzUQtLAU9%2Bv5sDDfAX25kNHLMmn8JoCQiJK%2FlKMBon2Tms2V6syvG31fwAETYHEk811TJNW%2BN1lLfy7OVNCDBM2%2FWRC5E69fRGOhHNnhV0xpEMclA%3D%3D - 404 null application/json; charset=utf-8 25.9375ms
2025-04-19 04:33:12.622 +01:00 [INF] Request starting HTTP/2 GET https://localhost:7227/api/Auth/ConfirmEmail?userId=e7d5d937-cf70-4fbb-a2fa-43ffe509c877&token=CfDJ8Le4aKyjc7RPkB7HYM0UyHyaTyl2yxdtXRDWexMqDUreVNta3cDr%2BCJXwQJgSoM29WALKIzX2bTJyxxR5OCLVROd7frPynKrUM5IriRBaRsdH0TtB6eY5QUCHNLcFLMwIP8%2BXopZbrSIdrlo7CzUQtLAU9%2Bv5sDDfAX25kNHLMmn8JoCQiJK%2FlKMBon2Tms2V6syvG31fwAETYHEk811TJNW%2BN1lLfy7OVNCDBM2%2FWRC5E69fRGOhHNnhV0xpEMclA%3D%3D - null null
2025-04-19 04:33:12.643 +01:00 [INF] Executing endpoint 'AnimeApp.API.Controllers.AuthController.ConfirmEmail (AnimeApp.API)'
2025-04-19 04:33:12.651 +01:00 [INF] Route matched with {action = "ConfirmEmail", controller = "Auth"}. Executing controller action with signature System.Threading.Tasks.Task`1[Microsoft.AspNetCore.Mvc.IActionResult] ConfirmEmail(System.String, System.String) on controller AnimeApp.API.Controllers.AuthController (AnimeApp.API).
2025-04-19 04:33:12.666 +01:00 [INF] Executed DbCommand (2ms) [Parameters=[@__p_0='?'], CommandType='"Text"', CommandTimeout='30']
SELECT a."Id", a."AccessFailedCount", a."ConcurrencyStamp", a."Email", a."EmailConfirmed", a."LockoutEnabled", a."LockoutEnd", a."NormalizedEmail", a."NormalizedUserName", a."PasswordHash", a."PhoneNumber", a."PhoneNumberConfirmed", a."SecurityStamp", a."TwoFactorEnabled", a."UserName"
FROM "AspNetUsers" AS a
WHERE a."Id" = @__p_0
LIMIT 1
2025-04-19 04:33:12.682 +01:00 [ERR] User not found for email confirmation: UserId=e7d5d937-cf70-4fbb-a2fa-43ffe509c877
2025-04-19 04:33:12.690 +01:00 [INF] Executing NotFoundObjectResult, writing value of type '<>f__AnonymousType2`1[[System.String, System.Private.CoreLib, Version=8.0.0.0, Culture=neutral, PublicKeyToken=7cec85d7bea7798e]]'.
2025-04-19 04:33:12.698 +01:00 [INF] Executed action AnimeApp.API.Controllers.AuthController.ConfirmEmail (AnimeApp.API) in 36.8588ms
2025-04-19 04:33:12.703 +01:00 [INF] Executed endpoint 'AnimeApp.API.Controllers.AuthController.ConfirmEmail (AnimeApp.API)'
2025-04-19 04:33:12.705 +01:00 [INF] Request finished HTTP/2 GET https://localhost:7227/api/Auth/ConfirmEmail?userId=e7d5d937-cf70-4fbb-a2fa-43ffe509c877&token=CfDJ8Le4aKyjc7RPkB7HYM0UyHyaTyl2yxdtXRDWexMqDUreVNta3cDr%2BCJXwQJgSoM29WALKIzX2bTJyxxR5OCLVROd7frPynKrUM5IriRBaRsdH0TtB6eY5QUCHNLcFLMwIP8%2BXopZbrSIdrlo7CzUQtLAU9%2Bv5sDDfAX25kNHLMmn8JoCQiJK%2FlKMBon2Tms2V6syvG31fwAETYHEk811TJNW%2BN1lLfy7OVNCDBM2%2FWRC5E69fRGOhHNnhV0xpEMclA%3D%3D - 404 null application/json; charset=utf-8 83.3781ms
2025-04-19 04:33:13.735 +01:00 [INF] Request starting HTTP/2 GET https://localhost:7227/api/Auth/ConfirmEmail?userId=e7d5d937-cf70-4fbb-a2fa-43ffe509c877&token=CfDJ8Le4aKyjc7RPkB7HYM0UyHyaTyl2yxdtXRDWexMqDUreVNta3cDr%2BCJXwQJgSoM29WALKIzX2bTJyxxR5OCLVROd7frPynKrUM5IriRBaRsdH0TtB6eY5QUCHNLcFLMwIP8%2BXopZbrSIdrlo7CzUQtLAU9%2Bv5sDDfAX25kNHLMmn8JoCQiJK%2FlKMBon2Tms2V6syvG31fwAETYHEk811TJNW%2BN1lLfy7OVNCDBM2%2FWRC5E69fRGOhHNnhV0xpEMclA%3D%3D - null null
2025-04-19 04:33:13.757 +01:00 [INF] Executing endpoint 'AnimeApp.API.Controllers.AuthController.ConfirmEmail (AnimeApp.API)'
2025-04-19 04:33:13.765 +01:00 [INF] Route matched with {action = "ConfirmEmail", controller = "Auth"}. Executing controller action with signature System.Threading.Tasks.Task`1[Microsoft.AspNetCore.Mvc.IActionResult] ConfirmEmail(System.String, System.String) on controller AnimeApp.API.Controllers.AuthController (AnimeApp.API).
2025-04-19 04:33:13.783 +01:00 [INF] Executed DbCommand (2ms) [Parameters=[@__p_0='?'], CommandType='"Text"', CommandTimeout='30']
SELECT a."Id", a."AccessFailedCount", a."ConcurrencyStamp", a."Email", a."EmailConfirmed", a."LockoutEnabled", a."LockoutEnd", a."NormalizedEmail", a."NormalizedUserName", a."PasswordHash", a."PhoneNumber", a."PhoneNumberConfirmed", a."SecurityStamp", a."TwoFactorEnabled", a."UserName"
FROM "AspNetUsers" AS a
WHERE a."Id" = @__p_0
LIMIT 1
2025-04-19 04:33:13.799 +01:00 [ERR] User not found for email confirmation: UserId=e7d5d937-cf70-4fbb-a2fa-43ffe509c877
2025-04-19 04:33:13.807 +01:00 [INF] Executing NotFoundObjectResult, writing value of type '<>f__AnonymousType2`1[[System.String, System.Private.CoreLib, Version=8.0.0.0, Culture=neutral, PublicKeyToken=7cec85d7bea7798e]]'.
2025-04-19 04:33:13.816 +01:00 [INF] Executed action AnimeApp.API.Controllers.AuthController.ConfirmEmail (AnimeApp.API) in 37.647ms
2025-04-19 04:33:13.819 +01:00 [INF] Executed endpoint 'AnimeApp.API.Controllers.AuthController.ConfirmEmail (AnimeApp.API)'
2025-04-19 04:33:13.821 +01:00 [INF] Request finished HTTP/2 GET https://localhost:7227/api/Auth/ConfirmEmail?userId=e7d5d937-cf70-4fbb-a2fa-43ffe509c877&token=CfDJ8Le4aKyjc7RPkB7HYM0UyHyaTyl2yxdtXRDWexMqDUreVNta3cDr%2BCJXwQJgSoM29WALKIzX2bTJyxxR5OCLVROd7frPynKrUM5IriRBaRsdH0TtB6eY5QUCHNLcFLMwIP8%2BXopZbrSIdrlo7CzUQtLAU9%2Bv5sDDfAX25kNHLMmn8JoCQiJK%2FlKMBon2Tms2V6syvG31fwAETYHEk811TJNW%2BN1lLfy7OVNCDBM2%2FWRC5E69fRGOhHNnhV0xpEMclA%3D%3D - 404 null application/json; charset=utf-8 86.5803ms
2025-04-19 07:26:43.099 +01:00 [INF] User profile is available. Using 'C:\Users\ctrl-f2-dev-1\AppData\Local\ASP.NET\DataProtection-Keys' as key repository and Windows DPAPI to encrypt keys at rest.
2025-04-19 07:26:43.267 +01:00 [INF] Now listening on: https://localhost:7227
2025-04-19 07:26:43.271 +01:00 [INF] Now listening on: http://localhost:5216
2025-04-19 07:26:43.372 +01:00 [INF] Application started. Press Ctrl+C to shut down.
2025-04-19 07:26:43.375 +01:00 [INF] Hosting environment: Development
2025-04-19 07:26:43.376 +01:00 [INF] Content root path: C:\Users\ctrl-f2-dev-1\project\AnimeApp.API
2025-04-19 07:26:43.632 +01:00 [INF] Request starting HTTP/2 GET https://localhost:7227/swagger/index.html - null null
2025-04-19 07:26:43.811 +01:00 [INF] Request finished HTTP/2 GET https://localhost:7227/swagger/index.html - 200 null text/html;charset=utf-8 180.0638ms
2025-04-19 07:26:43.817 +01:00 [INF] Request starting HTTP/2 GET https://localhost:7227/_framework/aspnetcore-browser-refresh.js - null null
2025-04-19 07:26:43.817 +01:00 [INF] Request starting HTTP/2 GET https://localhost:7227/swagger/index.js - null null
2025-04-19 07:26:43.823 +01:00 [INF] Request starting HTTP/2 GET https://localhost:7227/_vs/browserLink - null null
2025-04-19 07:26:43.835 +01:00 [INF] Request finished HTTP/2 GET https://localhost:7227/swagger/index.js - 200 null application/javascript;charset=utf-8 18.708ms
2025-04-19 07:26:43.837 +01:00 [INF] Request finished HTTP/2 GET https://localhost:7227/_framework/aspnetcore-browser-refresh.js - 200 13776 application/javascript; charset=utf-8 20.6066ms
2025-04-19 07:26:43.871 +01:00 [INF] Request finished HTTP/2 GET https://localhost:7227/_vs/browserLink - 200 null text/javascript; charset=UTF-8 47.2094ms
2025-04-19 07:26:43.955 +01:00 [INF] Request starting HTTP/2 GET https://localhost:7227/swagger/v1/swagger.json - null null
2025-04-19 07:26:43.974 +01:00 [INF] Request finished HTTP/2 GET https://localhost:7227/swagger/v1/swagger.json - 200 null application/json;charset=utf-8 18.8302ms
2025-04-19 07:28:30.146 +01:00 [INF] User profile is available. Using 'C:\Users\ctrl-f2-dev-1\AppData\Local\ASP.NET\DataProtection-Keys' as key repository and Windows DPAPI to encrypt keys at rest.
2025-04-19 07:28:30.322 +01:00 [INF] Now listening on: https://localhost:7227
2025-04-19 07:28:30.325 +01:00 [INF] Now listening on: http://localhost:5216
2025-04-19 07:28:30.428 +01:00 [INF] Application started. Press Ctrl+C to shut down.
2025-04-19 07:28:30.431 +01:00 [INF] Hosting environment: Development
2025-04-19 07:28:30.434 +01:00 [INF] Content root path: C:\Users\ctrl-f2-dev-1\project\AnimeApp.API
2025-04-19 07:28:30.913 +01:00 [INF] Request starting HTTP/2 GET https://localhost:7227/swagger/index.html - null null
2025-04-19 07:28:31.074 +01:00 [INF] Request finished HTTP/2 GET https://localhost:7227/swagger/index.html - 200 null text/html;charset=utf-8 162.4988ms
2025-04-19 07:28:31.080 +01:00 [INF] Request starting HTTP/2 GET https://localhost:7227/swagger/index.js - null null
2025-04-19 07:28:31.080 +01:00 [INF] Request starting HTTP/2 GET https://localhost:7227/_framework/aspnetcore-browser-refresh.js - null null
2025-04-19 07:28:31.080 +01:00 [INF] Request starting HTTP/2 GET https://localhost:7227/_vs/browserLink - null null
2025-04-19 07:28:31.092 +01:00 [INF] Request finished HTTP/2 GET https://localhost:7227/swagger/index.js - 200 null application/javascript;charset=utf-8 11.0818ms
2025-04-19 07:28:31.106 +01:00 [INF] Request finished HTTP/2 GET https://localhost:7227/_framework/aspnetcore-browser-refresh.js - 200 13776 application/javascript; charset=utf-8 25.7674ms
2025-04-19 07:28:31.177 +01:00 [INF] Request finished HTTP/2 GET https://localhost:7227/_vs/browserLink - 200 null text/javascript; charset=UTF-8 96.1325ms
2025-04-19 07:28:31.231 +01:00 [INF] Request starting HTTP/2 GET https://localhost:7227/swagger/v1/swagger.json - null null
2025-04-19 07:28:31.253 +01:00 [INF] Request finished HTTP/2 GET https://localhost:7227/swagger/v1/swagger.json - 200 null application/json;charset=utf-8 21.6827ms
2025-04-19 07:28:45.125 +01:00 [INF] User profile is available. Using 'C:\Users\ctrl-f2-dev-1\AppData\Local\ASP.NET\DataProtection-Keys' as key repository and Windows DPAPI to encrypt keys at rest.
2025-04-19 07:28:45.315 +01:00 [INF] Now listening on: https://localhost:7227
2025-04-19 07:28:45.318 +01:00 [INF] Now listening on: http://localhost:5216
2025-04-19 07:28:45.433 +01:00 [INF] Application started. Press Ctrl+C to shut down.
2025-04-19 07:28:45.436 +01:00 [INF] Hosting environment: Development
2025-04-19 07:28:45.438 +01:00 [INF] Content root path: C:\Users\ctrl-f2-dev-1\project\AnimeApp.API
2025-04-19 07:28:45.444 +01:00 [INF] Request starting HTTP/2 GET https://localhost:7227/swagger/index.html - null null
2025-04-19 07:28:45.598 +01:00 [INF] Request finished HTTP/2 GET https://localhost:7227/swagger/index.html - 200 null text/html;charset=utf-8 155.5893ms
2025-04-19 07:28:45.604 +01:00 [INF] Request starting HTTP/2 GET https://localhost:7227/_vs/browserLink - null null
2025-04-19 07:28:45.604 +01:00 [INF] Request starting HTTP/2 GET https://localhost:7227/swagger/index.js - null null
2025-04-19 07:28:45.604 +01:00 [INF] Request starting HTTP/2 GET https://localhost:7227/_framework/aspnetcore-browser-refresh.js - null null
2025-04-19 07:28:45.621 +01:00 [INF] Request finished HTTP/2 GET https://localhost:7227/swagger/index.js - 200 null application/javascript;charset=utf-8 17.4243ms
2025-04-19 07:28:45.632 +01:00 [INF] Request finished HTTP/2 GET https://localhost:7227/_framework/aspnetcore-browser-refresh.js - 200 13776 application/javascript; charset=utf-8 28.1568ms
2025-04-19 07:28:45.647 +01:00 [INF] Request finished HTTP/2 GET https://localhost:7227/_vs/browserLink - 200 null text/javascript; charset=UTF-8 43.0683ms
2025-04-19 07:28:45.681 +01:00 [INF] Request starting HTTP/2 GET https://localhost:7227/swagger/v1/swagger.json - null null
2025-04-19 07:28:45.699 +01:00 [INF] Request finished HTTP/2 GET https://localhost:7227/swagger/v1/swagger.json - 200 null application/json;charset=utf-8 18.4622ms
